#
# There is insufficient memory for the Java Runtime Environment to continue.
# Native memory allocation (malloc) failed to allocate 759536 bytes for Chunk::new
# Possible reasons:
#   The system is out of physical RAM or swap space
#   The process is running with CompressedOops enabled, and the Java Heap may be blocking the growth of the native heap
# Possible solutions:
#   Reduce memory load on the system
#   Increase physical memory or swap space
#   Check if swap backing store is full
#   Decrease Java heap size (-Xmx/-Xms)
#   Decrease number of Java threads
#   Decrease Java thread stack sizes (-Xss)
#   Set larger code cache with -XX:ReservedCodeCacheSize=
#   JVM is running with Zero Based Compressed Oops mode in which the Java heap is
#     placed in the first 32GB address space. The Java Heap base address is the
#     maximum limit for the native heap growth. Please use -XX:HeapBaseMinAddress
#     to set the Java Heap base and to place the Java Heap above 32GB virtual address.
# This output file may be truncated or incomplete.
#
#  Out of Memory Error (arena.cpp:168), pid=17180, tid=19776
#
# JRE version: Java(TM) SE Runtime Environment (21.0.2+13) (build 21.0.2+13-LTS-58)
# Java VM: Java HotSpot(TM) 64-Bit Server VM (21.0.2+13-LTS-58, mixed mode, sharing, tiered, compressed oops, compressed class ptrs, g1 gc, windows-amd64)
# No core dump will be written. Minidumps are not enabled by default on client versions of Windows
#

---------------  S U M M A R Y ------------

Command Line: -agentlib:jdwp=transport=dt_socket,address=127.0.0.1:55960,suspend=y,server=n -javaagent:C:\Users\rodrigofc\AppData\Local\JetBrains\IdeaIC2023.2\captureAgent\debugger-agent.jar -Dfile.encoding=UTF-8 -Dsun.stdout.encoding=UTF-8 -Dsun.stderr.encoding=UTF-8 domain.DebitAndCreditControlApiApplication

Host: Intel(R) Core(TM) i3-10100T CPU @ 3.00GHz, 8 cores, 15G,  Windows 11 , 64 bit Build 22621 (10.0.22621.4830)
Time: Tue Mar 25 17:11:24 2025 Hora oficial do Brasil elapsed time: 2.334589 seconds (0d 0h 0m 2s)

---------------  T H R E A D  ---------------

Current thread (0x000002100728b750):  JavaThread "C2 CompilerThread2" daemon [_thread_in_native, id=19776, stack(0x0000005295c00000,0x0000005295d00000) (1024K)]


Current CompileTask:
C2:   2334 2894       4       org.springframework.beans.factory.support.AbstractBeanFactory::isTypeMatch (607 bytes)

Stack: [0x0000005295c00000,0x0000005295d00000]
Native frames: (J=compiled Java code, j=interpreted, Vv=VM code, C=native code)
V  [jvm.dll+0x6cade9]
V  [jvm.dll+0x8569c1]
V  [jvm.dll+0x858d2e]
V  [jvm.dll+0x859413]
V  [jvm.dll+0x280e56]
V  [jvm.dll+0xc3f3d]
V  [jvm.dll+0xc4473]
V  [jvm.dll+0x3b5bf2]
V  [jvm.dll+0x1e2013]
V  [jvm.dll+0x249d22]
V  [jvm.dll+0x2491b1]
V  [jvm.dll+0x1c9634]
V  [jvm.dll+0x258859]
V  [jvm.dll+0x256e3a]
V  [jvm.dll+0x3ef6c6]
V  [jvm.dll+0x7ff568]
V  [jvm.dll+0x6c953d]
C  [ucrtbase.dll+0x29333]
C  [KERNEL32.DLL+0x1259d]
C  [ntdll.dll+0x5af38]


---------------  P R O C E S S  ---------------

Threads class SMR info:
_java_thread_list=0x00000210077b47a0, length=18, elements={
0x0000020fa1510300, 0x0000020fc05c7480, 0x0000020fc05c82a0, 0x0000020fc05ca790,
0x0000020fc05cd560, 0x0000020fc05cefd0, 0x0000020fc05cfc90, 0x0000020fc05ddf40,
0x0000020fc05deb10, 0x0000020fc08036e0, 0x0000020fc0997bc0, 0x0000020fc090c240,
0x0000020fc090c8c0, 0x0000020fc097ec00, 0x0000020fc0a72f60, 0x0000021006824fa0,
0x0000021006827d60, 0x000002100728b750
}

Java Threads: ( => current thread )
  0x0000020fa1510300 JavaThread "main"                              [_thread_blocked, id=6304, stack(0x0000005293d00000,0x0000005293e00000) (1024K)]
  0x0000020fc05c7480 JavaThread "Reference Handler"          daemon [_thread_blocked, id=13456, stack(0x0000005294500000,0x0000005294600000) (1024K)]
  0x0000020fc05c82a0 JavaThread "Finalizer"                  daemon [_thread_blocked, id=19640, stack(0x0000005294600000,0x0000005294700000) (1024K)]
  0x0000020fc05ca790 JavaThread "Signal Dispatcher"          daemon [_thread_blocked, id=19908, stack(0x0000005294700000,0x0000005294800000) (1024K)]
  0x0000020fc05cd560 JavaThread "Attach Listener"            daemon [_thread_blocked, id=11484, stack(0x0000005294800000,0x0000005294900000) (1024K)]
  0x0000020fc05cefd0 JavaThread "Service Thread"             daemon [_thread_blocked, id=19912, stack(0x0000005294900000,0x0000005294a00000) (1024K)]
  0x0000020fc05cfc90 JavaThread "Monitor Deflation Thread"   daemon [_thread_blocked, id=6888, stack(0x0000005294a00000,0x0000005294b00000) (1024K)]
  0x0000020fc05ddf40 JavaThread "C2 CompilerThread0"         daemon [_thread_in_native, id=17592, stack(0x0000005294b00000,0x0000005294c00000) (1024K)]
  0x0000020fc05deb10 JavaThread "C1 CompilerThread0"         daemon [_thread_blocked, id=20340, stack(0x0000005294c00000,0x0000005294d00000) (1024K)]
  0x0000020fc08036e0 JavaThread "Common-Cleaner"             daemon [_thread_blocked, id=15504, stack(0x0000005294d00000,0x0000005294e00000) (1024K)]
  0x0000020fc0997bc0 JavaThread "JDWP Transport Listener: dt_socket" daemon [_thread_blocked, id=19364, stack(0x0000005294e00000,0x0000005294f00000) (1024K)]
  0x0000020fc090c240 JavaThread "JDWP Event Helper Thread"   daemon [_thread_in_native, id=7392, stack(0x0000005294f00000,0x0000005295000000) (1024K)]
  0x0000020fc090c8c0 JavaThread "JDWP Command Reader"        daemon [_thread_in_native, id=17128, stack(0x0000005295000000,0x0000005295100000) (1024K)]
  0x0000020fc097ec00 JavaThread "Notification Thread"        daemon [_thread_blocked, id=6712, stack(0x0000005295100000,0x0000005295200000) (1024K)]
  0x0000020fc0a72f60 JavaThread "C2 CompilerThread1"         daemon [_thread_in_native, id=17336, stack(0x0000005295200000,0x0000005295300000) (1024K)]
  0x0000021006824fa0 JavaThread "Thread-0"                          [_thread_blocked, id=18304, stack(0x0000005295a00000,0x0000005295b00000) (1024K)]
  0x0000021006827d60 JavaThread "restartedMain"                     [_thread_in_Java, id=5224, stack(0x0000005295b00000,0x0000005295c00000) (1024K)]
=>0x000002100728b750 JavaThread "C2 CompilerThread2"         daemon [_thread_in_native, id=19776, stack(0x0000005295c00000,0x0000005295d00000) (1024K)]
Total: 18

Other Threads:
  0x0000020fc05a9470 VMThread "VM Thread"                           [id=1212, stack(0x0000005294400000,0x0000005294500000) (1024K)]
  0x0000020fc05920a0 WatcherThread "VM Periodic Task Thread"        [id=18828, stack(0x0000005294300000,0x0000005294400000) (1024K)]
  0x0000020fa157aa10 WorkerThread "GC Thread#0"                     [id=19244, stack(0x0000005293e00000,0x0000005293f00000) (1024K)]
  0x0000021006556b50 WorkerThread "GC Thread#1"                     [id=12328, stack(0x0000005295300000,0x0000005295400000) (1024K)]
  0x0000021006556ef0 WorkerThread "GC Thread#2"                     [id=18604, stack(0x0000005295400000,0x0000005295500000) (1024K)]
  0x0000021006792e00 WorkerThread "GC Thread#3"                     [id=2000, stack(0x0000005295500000,0x0000005295600000) (1024K)]
  0x0000021006847e60 WorkerThread "GC Thread#4"                     [id=7180, stack(0x0000005295600000,0x0000005295700000) (1024K)]
  0x0000021006848200 WorkerThread "GC Thread#5"                     [id=10800, stack(0x0000005295700000,0x0000005295800000) (1024K)]
  0x0000021006872e90 WorkerThread "GC Thread#6"                     [id=5660, stack(0x0000005295800000,0x0000005295900000) (1024K)]
  0x0000021006873640 WorkerThread "GC Thread#7"                     [id=19056, stack(0x0000005295900000,0x0000005295a00000) (1024K)]
  0x0000020fa158b600 ConcurrentGCThread "G1 Main Marker"            [id=9400, stack(0x0000005293f00000,0x0000005294000000) (1024K)]
  0x0000020fa158c100 WorkerThread "G1 Conc#0"                       [id=18772, stack(0x0000005294000000,0x0000005294100000) (1024K)]
  0x0000020fc0461170 ConcurrentGCThread "G1 Refine#0"               [id=17808, stack(0x0000005294100000,0x0000005294200000) (1024K)]
  0x0000020fc0461af0 ConcurrentGCThread "G1 Service"                [id=13344, stack(0x0000005294200000,0x0000005294300000) (1024K)]
Total: 14

Threads with active compile tasks:
C2 CompilerThread0     2364 2912       4       java.lang.invoke.MethodType::methodType (69 bytes)
C2 CompilerThread1     2364 2810   !   4       jdk.internal.loader.BuiltinClassLoader::loadClassOrNull (143 bytes)
C2 CompilerThread2     2364 2894       4       org.springframework.beans.factory.support.AbstractBeanFactory::isTypeMatch (607 bytes)
Total: 3

VM state: not at safepoint (normal execution)

VM Mutex/Monitor currently owned by a thread: None

Heap address: 0x0000000703e00000, size: 4034 MB, Compressed Oops mode: Zero based, Oop shift amount: 3

CDS archive(s) mapped at: [0x0000020fc1000000-0x0000020fc1c90000-0x0000020fc1c90000), size 13172736, SharedBaseAddress: 0x0000020fc1000000, ArchiveRelocationMode: 1.
Compressed class space mapped at: 0x0000020fc2000000-0x0000021002000000, reserved size: 1073741824
Narrow klass base: 0x0000020fc1000000, Narrow klass shift: 0, Narrow klass range: 0x100000000

GC Precious Log:
 CardTable entry size: 512
 Card Set container configuration: InlinePtr #cards 4 size 8 Array Of Cards #cards 16 size 48 Howl #buckets 8 coarsen threshold 3686 Howl Bitmap #cards 512 size 80 coarsen threshold 460 Card regions per heap region 1 cards per card region 4096
 CPUs: 8 total, 8 available
 Memory: 16130M
 Large Page Support: Disabled
 NUMA Support: Disabled
 Compressed Oops: Enabled (Zero based)
 Heap Region Size: 2M
 Heap Min Capacity: 8M
 Heap Initial Capacity: 254M
 Heap Max Capacity: 4034M
 Pre-touch: Disabled
 Parallel Workers: 8
 Concurrent Workers: 2
 Concurrent Refinement Workers: 8
 Periodic GC: Disabled

Heap:
 garbage-first heap   total 260096K, used 59057K [0x0000000703e00000, 0x0000000800000000)
  region size 2048K, 28 young (57344K), 1 survivors (2048K)
 Metaspace       used 19444K, committed 19648K, reserved 1114112K
  class space    used 2320K, committed 2432K, reserved 1048576K

Heap Regions: E=young(eden), S=young(survivor), O=old, HS=humongous(starts), HC=humongous(continues), CS=collection set, F=free, TAMS=top-at-mark-start, PB=parsable bottom
|   0|0x0000000703e00000, 0x0000000704000000, 0x0000000704000000|100%| O|  |TAMS 0x0000000703e00000| PB 0x0000000703e00000| Untracked 
|   1|0x0000000704000000, 0x0000000704200000, 0x0000000704200000|100%| O|  |TAMS 0x0000000704000000| PB 0x0000000704000000| Untracked 
|   2|0x0000000704200000, 0x00000007043f0510, 0x0000000704400000| 96%| O|  |TAMS 0x0000000704200000| PB 0x0000000704200000| Untracked 
|   3|0x0000000704400000, 0x0000000704400000, 0x0000000704600000|  0%| F|  |TAMS 0x0000000704400000| PB 0x0000000704400000| Untracked 
|   4|0x0000000704600000, 0x0000000704600000, 0x0000000704800000|  0%| F|  |TAMS 0x0000000704600000| PB 0x0000000704600000| Untracked 
|   5|0x0000000704800000, 0x0000000704800000, 0x0000000704a00000|  0%| F|  |TAMS 0x0000000704800000| PB 0x0000000704800000| Untracked 
|   6|0x0000000704a00000, 0x0000000704a00000, 0x0000000704c00000|  0%| F|  |TAMS 0x0000000704a00000| PB 0x0000000704a00000| Untracked 
|   7|0x0000000704c00000, 0x0000000704c00000, 0x0000000704e00000|  0%| F|  |TAMS 0x0000000704c00000| PB 0x0000000704c00000| Untracked 
|   8|0x0000000704e00000, 0x0000000704e00000, 0x0000000705000000|  0%| F|  |TAMS 0x0000000704e00000| PB 0x0000000704e00000| Untracked 
|   9|0x0000000705000000, 0x0000000705000000, 0x0000000705200000|  0%| F|  |TAMS 0x0000000705000000| PB 0x0000000705000000| Untracked 
|  10|0x0000000705200000, 0x0000000705200000, 0x0000000705400000|  0%| F|  |TAMS 0x0000000705200000| PB 0x0000000705200000| Untracked 
|  11|0x0000000705400000, 0x0000000705400000, 0x0000000705600000|  0%| F|  |TAMS 0x0000000705400000| PB 0x0000000705400000| Untracked 
|  12|0x0000000705600000, 0x0000000705600000, 0x0000000705800000|  0%| F|  |TAMS 0x0000000705600000| PB 0x0000000705600000| Untracked 
|  13|0x0000000705800000, 0x0000000705800000, 0x0000000705a00000|  0%| F|  |TAMS 0x0000000705800000| PB 0x0000000705800000| Untracked 
|  14|0x0000000705a00000, 0x0000000705a00000, 0x0000000705c00000|  0%| F|  |TAMS 0x0000000705a00000| PB 0x0000000705a00000| Untracked 
|  15|0x0000000705c00000, 0x0000000705c00000, 0x0000000705e00000|  0%| F|  |TAMS 0x0000000705c00000| PB 0x0000000705c00000| Untracked 
|  16|0x0000000705e00000, 0x0000000705e00000, 0x0000000706000000|  0%| F|  |TAMS 0x0000000705e00000| PB 0x0000000705e00000| Untracked 
|  17|0x0000000706000000, 0x0000000706000000, 0x0000000706200000|  0%| F|  |TAMS 0x0000000706000000| PB 0x0000000706000000| Untracked 
|  18|0x0000000706200000, 0x0000000706200000, 0x0000000706400000|  0%| F|  |TAMS 0x0000000706200000| PB 0x0000000706200000| Untracked 
|  19|0x0000000706400000, 0x0000000706400000, 0x0000000706600000|  0%| F|  |TAMS 0x0000000706400000| PB 0x0000000706400000| Untracked 
|  20|0x0000000706600000, 0x0000000706600000, 0x0000000706800000|  0%| F|  |TAMS 0x0000000706600000| PB 0x0000000706600000| Untracked 
|  21|0x0000000706800000, 0x0000000706800000, 0x0000000706a00000|  0%| F|  |TAMS 0x0000000706800000| PB 0x0000000706800000| Untracked 
|  22|0x0000000706a00000, 0x0000000706a00000, 0x0000000706c00000|  0%| F|  |TAMS 0x0000000706a00000| PB 0x0000000706a00000| Untracked 
|  23|0x0000000706c00000, 0x0000000706c00000, 0x0000000706e00000|  0%| F|  |TAMS 0x0000000706c00000| PB 0x0000000706c00000| Untracked 
|  24|0x0000000706e00000, 0x0000000706e00000, 0x0000000707000000|  0%| F|  |TAMS 0x0000000706e00000| PB 0x0000000706e00000| Untracked 
|  25|0x0000000707000000, 0x0000000707000000, 0x0000000707200000|  0%| F|  |TAMS 0x0000000707000000| PB 0x0000000707000000| Untracked 
|  26|0x0000000707200000, 0x0000000707200000, 0x0000000707400000|  0%| F|  |TAMS 0x0000000707200000| PB 0x0000000707200000| Untracked 
|  27|0x0000000707400000, 0x0000000707400000, 0x0000000707600000|  0%| F|  |TAMS 0x0000000707400000| PB 0x0000000707400000| Untracked 
|  28|0x0000000707600000, 0x0000000707600000, 0x0000000707800000|  0%| F|  |TAMS 0x0000000707600000| PB 0x0000000707600000| Untracked 
|  29|0x0000000707800000, 0x0000000707800000, 0x0000000707a00000|  0%| F|  |TAMS 0x0000000707800000| PB 0x0000000707800000| Untracked 
|  30|0x0000000707a00000, 0x0000000707a00000, 0x0000000707c00000|  0%| F|  |TAMS 0x0000000707a00000| PB 0x0000000707a00000| Untracked 
|  31|0x0000000707c00000, 0x0000000707c00000, 0x0000000707e00000|  0%| F|  |TAMS 0x0000000707c00000| PB 0x0000000707c00000| Untracked 
|  32|0x0000000707e00000, 0x0000000707e00000, 0x0000000708000000|  0%| F|  |TAMS 0x0000000707e00000| PB 0x0000000707e00000| Untracked 
|  33|0x0000000708000000, 0x0000000708000000, 0x0000000708200000|  0%| F|  |TAMS 0x0000000708000000| PB 0x0000000708000000| Untracked 
|  34|0x0000000708200000, 0x0000000708200000, 0x0000000708400000|  0%| F|  |TAMS 0x0000000708200000| PB 0x0000000708200000| Untracked 
|  35|0x0000000708400000, 0x0000000708400000, 0x0000000708600000|  0%| F|  |TAMS 0x0000000708400000| PB 0x0000000708400000| Untracked 
|  36|0x0000000708600000, 0x0000000708600000, 0x0000000708800000|  0%| F|  |TAMS 0x0000000708600000| PB 0x0000000708600000| Untracked 
|  37|0x0000000708800000, 0x0000000708800000, 0x0000000708a00000|  0%| F|  |TAMS 0x0000000708800000| PB 0x0000000708800000| Untracked 
|  38|0x0000000708a00000, 0x0000000708a00000, 0x0000000708c00000|  0%| F|  |TAMS 0x0000000708a00000| PB 0x0000000708a00000| Untracked 
|  39|0x0000000708c00000, 0x0000000708c00000, 0x0000000708e00000|  0%| F|  |TAMS 0x0000000708c00000| PB 0x0000000708c00000| Untracked 
|  40|0x0000000708e00000, 0x0000000708e00000, 0x0000000709000000|  0%| F|  |TAMS 0x0000000708e00000| PB 0x0000000708e00000| Untracked 
|  41|0x0000000709000000, 0x0000000709000000, 0x0000000709200000|  0%| F|  |TAMS 0x0000000709000000| PB 0x0000000709000000| Untracked 
|  42|0x0000000709200000, 0x0000000709200000, 0x0000000709400000|  0%| F|  |TAMS 0x0000000709200000| PB 0x0000000709200000| Untracked 
|  43|0x0000000709400000, 0x0000000709400000, 0x0000000709600000|  0%| F|  |TAMS 0x0000000709400000| PB 0x0000000709400000| Untracked 
|  44|0x0000000709600000, 0x0000000709600000, 0x0000000709800000|  0%| F|  |TAMS 0x0000000709600000| PB 0x0000000709600000| Untracked 
|  45|0x0000000709800000, 0x0000000709800000, 0x0000000709a00000|  0%| F|  |TAMS 0x0000000709800000| PB 0x0000000709800000| Untracked 
|  46|0x0000000709a00000, 0x0000000709a00000, 0x0000000709c00000|  0%| F|  |TAMS 0x0000000709a00000| PB 0x0000000709a00000| Untracked 
|  47|0x0000000709c00000, 0x0000000709c00000, 0x0000000709e00000|  0%| F|  |TAMS 0x0000000709c00000| PB 0x0000000709c00000| Untracked 
|  48|0x0000000709e00000, 0x0000000709e00000, 0x000000070a000000|  0%| F|  |TAMS 0x0000000709e00000| PB 0x0000000709e00000| Untracked 
|  49|0x000000070a000000, 0x000000070a000000, 0x000000070a200000|  0%| F|  |TAMS 0x000000070a000000| PB 0x000000070a000000| Untracked 
|  50|0x000000070a200000, 0x000000070a200000, 0x000000070a400000|  0%| F|  |TAMS 0x000000070a200000| PB 0x000000070a200000| Untracked 
|  51|0x000000070a400000, 0x000000070a400000, 0x000000070a600000|  0%| F|  |TAMS 0x000000070a400000| PB 0x000000070a400000| Untracked 
|  52|0x000000070a600000, 0x000000070a600000, 0x000000070a800000|  0%| F|  |TAMS 0x000000070a600000| PB 0x000000070a600000| Untracked 
|  53|0x000000070a800000, 0x000000070a800000, 0x000000070aa00000|  0%| F|  |TAMS 0x000000070a800000| PB 0x000000070a800000| Untracked 
|  54|0x000000070aa00000, 0x000000070aa00000, 0x000000070ac00000|  0%| F|  |TAMS 0x000000070aa00000| PB 0x000000070aa00000| Untracked 
|  55|0x000000070ac00000, 0x000000070ac00000, 0x000000070ae00000|  0%| F|  |TAMS 0x000000070ac00000| PB 0x000000070ac00000| Untracked 
|  56|0x000000070ae00000, 0x000000070ae00000, 0x000000070b000000|  0%| F|  |TAMS 0x000000070ae00000| PB 0x000000070ae00000| Untracked 
|  57|0x000000070b000000, 0x000000070b000000, 0x000000070b200000|  0%| F|  |TAMS 0x000000070b000000| PB 0x000000070b000000| Untracked 
|  58|0x000000070b200000, 0x000000070b200000, 0x000000070b400000|  0%| F|  |TAMS 0x000000070b200000| PB 0x000000070b200000| Untracked 
|  59|0x000000070b400000, 0x000000070b400000, 0x000000070b600000|  0%| F|  |TAMS 0x000000070b400000| PB 0x000000070b400000| Untracked 
|  60|0x000000070b600000, 0x000000070b600000, 0x000000070b800000|  0%| F|  |TAMS 0x000000070b600000| PB 0x000000070b600000| Untracked 
|  61|0x000000070b800000, 0x000000070b800000, 0x000000070ba00000|  0%| F|  |TAMS 0x000000070b800000| PB 0x000000070b800000| Untracked 
|  62|0x000000070ba00000, 0x000000070ba00000, 0x000000070bc00000|  0%| F|  |TAMS 0x000000070ba00000| PB 0x000000070ba00000| Untracked 
|  63|0x000000070bc00000, 0x000000070bc00000, 0x000000070be00000|  0%| F|  |TAMS 0x000000070bc00000| PB 0x000000070bc00000| Untracked 
|  64|0x000000070be00000, 0x000000070be00000, 0x000000070c000000|  0%| F|  |TAMS 0x000000070be00000| PB 0x000000070be00000| Untracked 
|  65|0x000000070c000000, 0x000000070c000000, 0x000000070c200000|  0%| F|  |TAMS 0x000000070c000000| PB 0x000000070c000000| Untracked 
|  66|0x000000070c200000, 0x000000070c200000, 0x000000070c400000|  0%| F|  |TAMS 0x000000070c200000| PB 0x000000070c200000| Untracked 
|  67|0x000000070c400000, 0x000000070c400000, 0x000000070c600000|  0%| F|  |TAMS 0x000000070c400000| PB 0x000000070c400000| Untracked 
|  68|0x000000070c600000, 0x000000070c600000, 0x000000070c800000|  0%| F|  |TAMS 0x000000070c600000| PB 0x000000070c600000| Untracked 
|  69|0x000000070c800000, 0x000000070c800000, 0x000000070ca00000|  0%| F|  |TAMS 0x000000070c800000| PB 0x000000070c800000| Untracked 
|  70|0x000000070ca00000, 0x000000070ca00000, 0x000000070cc00000|  0%| F|  |TAMS 0x000000070ca00000| PB 0x000000070ca00000| Untracked 
|  71|0x000000070cc00000, 0x000000070cc00000, 0x000000070ce00000|  0%| F|  |TAMS 0x000000070cc00000| PB 0x000000070cc00000| Untracked 
|  72|0x000000070ce00000, 0x000000070ce00000, 0x000000070d000000|  0%| F|  |TAMS 0x000000070ce00000| PB 0x000000070ce00000| Untracked 
|  73|0x000000070d000000, 0x000000070d000000, 0x000000070d200000|  0%| F|  |TAMS 0x000000070d000000| PB 0x000000070d000000| Untracked 
|  74|0x000000070d200000, 0x000000070d200000, 0x000000070d400000|  0%| F|  |TAMS 0x000000070d200000| PB 0x000000070d200000| Untracked 
|  75|0x000000070d400000, 0x000000070d400000, 0x000000070d600000|  0%| F|  |TAMS 0x000000070d400000| PB 0x000000070d400000| Untracked 
|  76|0x000000070d600000, 0x000000070d600000, 0x000000070d800000|  0%| F|  |TAMS 0x000000070d600000| PB 0x000000070d600000| Untracked 
|  77|0x000000070d800000, 0x000000070d800000, 0x000000070da00000|  0%| F|  |TAMS 0x000000070d800000| PB 0x000000070d800000| Untracked 
|  78|0x000000070da00000, 0x000000070da00000, 0x000000070dc00000|  0%| F|  |TAMS 0x000000070da00000| PB 0x000000070da00000| Untracked 
|  79|0x000000070dc00000, 0x000000070dc00000, 0x000000070de00000|  0%| F|  |TAMS 0x000000070dc00000| PB 0x000000070dc00000| Untracked 
|  80|0x000000070de00000, 0x000000070de00000, 0x000000070e000000|  0%| F|  |TAMS 0x000000070de00000| PB 0x000000070de00000| Untracked 
|  81|0x000000070e000000, 0x000000070e000000, 0x000000070e200000|  0%| F|  |TAMS 0x000000070e000000| PB 0x000000070e000000| Untracked 
|  82|0x000000070e200000, 0x000000070e200000, 0x000000070e400000|  0%| F|  |TAMS 0x000000070e200000| PB 0x000000070e200000| Untracked 
|  83|0x000000070e400000, 0x000000070e400000, 0x000000070e600000|  0%| F|  |TAMS 0x000000070e400000| PB 0x000000070e400000| Untracked 
|  84|0x000000070e600000, 0x000000070e600000, 0x000000070e800000|  0%| F|  |TAMS 0x000000070e600000| PB 0x000000070e600000| Untracked 
|  85|0x000000070e800000, 0x000000070e800000, 0x000000070ea00000|  0%| F|  |TAMS 0x000000070e800000| PB 0x000000070e800000| Untracked 
|  86|0x000000070ea00000, 0x000000070ea00000, 0x000000070ec00000|  0%| F|  |TAMS 0x000000070ea00000| PB 0x000000070ea00000| Untracked 
|  87|0x000000070ec00000, 0x000000070ec00000, 0x000000070ee00000|  0%| F|  |TAMS 0x000000070ec00000| PB 0x000000070ec00000| Untracked 
|  88|0x000000070ee00000, 0x000000070ee00000, 0x000000070f000000|  0%| F|  |TAMS 0x000000070ee00000| PB 0x000000070ee00000| Untracked 
|  89|0x000000070f000000, 0x000000070f000000, 0x000000070f200000|  0%| F|  |TAMS 0x000000070f000000| PB 0x000000070f000000| Untracked 
|  90|0x000000070f200000, 0x000000070f200000, 0x000000070f400000|  0%| F|  |TAMS 0x000000070f200000| PB 0x000000070f200000| Untracked 
|  91|0x000000070f400000, 0x000000070f400000, 0x000000070f600000|  0%| F|  |TAMS 0x000000070f400000| PB 0x000000070f400000| Untracked 
|  92|0x000000070f600000, 0x000000070f600000, 0x000000070f800000|  0%| F|  |TAMS 0x000000070f600000| PB 0x000000070f600000| Untracked 
|  93|0x000000070f800000, 0x000000070f800000, 0x000000070fa00000|  0%| F|  |TAMS 0x000000070f800000| PB 0x000000070f800000| Untracked 
|  94|0x000000070fa00000, 0x000000070fa00000, 0x000000070fc00000|  0%| F|  |TAMS 0x000000070fa00000| PB 0x000000070fa00000| Untracked 
|  95|0x000000070fc00000, 0x000000070fc00000, 0x000000070fe00000|  0%| F|  |TAMS 0x000000070fc00000| PB 0x000000070fc00000| Untracked 
|  96|0x000000070fe00000, 0x000000070fe00000, 0x0000000710000000|  0%| F|  |TAMS 0x000000070fe00000| PB 0x000000070fe00000| Untracked 
|  97|0x0000000710000000, 0x0000000710000000, 0x0000000710200000|  0%| F|  |TAMS 0x0000000710000000| PB 0x0000000710000000| Untracked 
|  98|0x0000000710200000, 0x0000000710200000, 0x0000000710400000|  0%| F|  |TAMS 0x0000000710200000| PB 0x0000000710200000| Untracked 
|  99|0x0000000710400000, 0x00000007105f2040, 0x0000000710600000| 97%| E|  |TAMS 0x0000000710400000| PB 0x0000000710400000| Complete 
| 100|0x0000000710600000, 0x0000000710800000, 0x0000000710800000|100%| E|CS|TAMS 0x0000000710600000| PB 0x0000000710600000| Complete 
| 101|0x0000000710800000, 0x0000000710a00000, 0x0000000710a00000|100%| E|CS|TAMS 0x0000000710800000| PB 0x0000000710800000| Complete 
| 102|0x0000000710a00000, 0x0000000710c00000, 0x0000000710c00000|100%| E|CS|TAMS 0x0000000710a00000| PB 0x0000000710a00000| Complete 
| 103|0x0000000710c00000, 0x0000000710e00000, 0x0000000710e00000|100%| E|CS|TAMS 0x0000000710c00000| PB 0x0000000710c00000| Complete 
| 104|0x0000000710e00000, 0x0000000711000000, 0x0000000711000000|100%| E|CS|TAMS 0x0000000710e00000| PB 0x0000000710e00000| Complete 
| 105|0x0000000711000000, 0x0000000711200000, 0x0000000711200000|100%| E|CS|TAMS 0x0000000711000000| PB 0x0000000711000000| Complete 
| 106|0x0000000711200000, 0x0000000711400000, 0x0000000711400000|100%| E|CS|TAMS 0x0000000711200000| PB 0x0000000711200000| Complete 
| 107|0x0000000711400000, 0x0000000711600000, 0x0000000711600000|100%| E|CS|TAMS 0x0000000711400000| PB 0x0000000711400000| Complete 
| 108|0x0000000711600000, 0x0000000711800000, 0x0000000711800000|100%| E|CS|TAMS 0x0000000711600000| PB 0x0000000711600000| Complete 
| 109|0x0000000711800000, 0x0000000711a00000, 0x0000000711a00000|100%| E|CS|TAMS 0x0000000711800000| PB 0x0000000711800000| Complete 
| 110|0x0000000711a00000, 0x0000000711bbc058, 0x0000000711c00000| 86%| S|CS|TAMS 0x0000000711a00000| PB 0x0000000711a00000| Complete 
| 111|0x0000000711c00000, 0x0000000711e00000, 0x0000000711e00000|100%| E|CS|TAMS 0x0000000711c00000| PB 0x0000000711c00000| Complete 
| 112|0x0000000711e00000, 0x0000000712000000, 0x0000000712000000|100%| E|CS|TAMS 0x0000000711e00000| PB 0x0000000711e00000| Complete 
| 113|0x0000000712000000, 0x0000000712200000, 0x0000000712200000|100%| E|CS|TAMS 0x0000000712000000| PB 0x0000000712000000| Complete 
| 114|0x0000000712200000, 0x0000000712400000, 0x0000000712400000|100%| E|CS|TAMS 0x0000000712200000| PB 0x0000000712200000| Complete 
| 115|0x0000000712400000, 0x0000000712600000, 0x0000000712600000|100%| E|CS|TAMS 0x0000000712400000| PB 0x0000000712400000| Complete 
| 116|0x0000000712600000, 0x0000000712800000, 0x0000000712800000|100%| E|CS|TAMS 0x0000000712600000| PB 0x0000000712600000| Complete 
| 117|0x0000000712800000, 0x0000000712a00000, 0x0000000712a00000|100%| E|CS|TAMS 0x0000000712800000| PB 0x0000000712800000| Complete 
| 118|0x0000000712a00000, 0x0000000712c00000, 0x0000000712c00000|100%| E|CS|TAMS 0x0000000712a00000| PB 0x0000000712a00000| Complete 
| 119|0x0000000712c00000, 0x0000000712e00000, 0x0000000712e00000|100%| E|CS|TAMS 0x0000000712c00000| PB 0x0000000712c00000| Complete 
| 120|0x0000000712e00000, 0x0000000713000000, 0x0000000713000000|100%| E|CS|TAMS 0x0000000712e00000| PB 0x0000000712e00000| Complete 
| 121|0x0000000713000000, 0x0000000713200000, 0x0000000713200000|100%| E|CS|TAMS 0x0000000713000000| PB 0x0000000713000000| Complete 
| 122|0x0000000713200000, 0x0000000713400000, 0x0000000713400000|100%| E|CS|TAMS 0x0000000713200000| PB 0x0000000713200000| Complete 
| 123|0x0000000713400000, 0x0000000713600000, 0x0000000713600000|100%| E|CS|TAMS 0x0000000713400000| PB 0x0000000713400000| Complete 
| 124|0x0000000713600000, 0x0000000713800000, 0x0000000713800000|100%| E|CS|TAMS 0x0000000713600000| PB 0x0000000713600000| Complete 
| 125|0x0000000713800000, 0x0000000713a00000, 0x0000000713a00000|100%| E|  |TAMS 0x0000000713800000| PB 0x0000000713800000| Complete 
| 126|0x0000000713a00000, 0x0000000713c00000, 0x0000000713c00000|100%| E|CS|TAMS 0x0000000713a00000| PB 0x0000000713a00000| Complete 

Card table byte_map: [0x0000020fb9490000,0x0000020fb9c80000] _byte_map_base: 0x0000020fb5c71000

Marking Bits: (CMBitMap*) 0x0000020fa157b110
 Bits: [0x0000020fb9c80000, 0x0000020fbdb88000)

Polling page: 0x0000020f9f4f0000

Metaspace:

Usage:
  Non-class:     16.74 MB used.
      Class:      2.27 MB used.
       Both:     19.01 MB used.

Virtual space:
  Non-class space:       64.00 MB reserved,      16.88 MB ( 26%) committed,  1 nodes.
      Class space:        1.00 GB reserved,       2.38 MB ( <1%) committed,  1 nodes.
             Both:        1.06 GB reserved,      19.25 MB (  2%) committed. 

Chunk freelists:
   Non-Class:  14.66 MB
       Class:  13.59 MB
        Both:  28.25 MB

MaxMetaspaceSize: unlimited
CompressedClassSpaceSize: 1.00 GB
Initial GC threshold: 21.00 MB
Current GC threshold: 21.00 MB
CDS: on
 - commit_granule_bytes: 65536.
 - commit_granule_words: 8192.
 - virtual_space_node_default_size: 8388608.
 - enlarge_chunks_in_place: 1.
 - use_allocation_guard: 0.


Internal statistics:

num_allocs_failed_limit: 0.
num_arena_births: 204.
num_arena_deaths: 0.
num_vsnodes_births: 2.
num_vsnodes_deaths: 0.
num_space_committed: 308.
num_space_uncommitted: 0.
num_chunks_returned_to_freelist: 0.
num_chunks_taken_from_freelist: 841.
num_chunk_merges: 0.
num_chunk_splits: 588.
num_chunks_enlarged: 484.
num_inconsistent_stats: 0.

CodeHeap 'non-profiled nmethods': size=120000Kb used=1286Kb max_used=1286Kb free=118713Kb
 bounds [0x0000020fb1440000, 0x0000020fb16b0000, 0x0000020fb8970000]
CodeHeap 'profiled nmethods': size=120000Kb used=6167Kb max_used=6167Kb free=113832Kb
 bounds [0x0000020fa9970000, 0x0000020fa9f80000, 0x0000020fb0ea0000]
CodeHeap 'non-nmethods': size=5760Kb used=1464Kb max_used=1543Kb free=4295Kb
 bounds [0x0000020fb0ea0000, 0x0000020fb1110000, 0x0000020fb1440000]
 total_blobs=3442 nmethods=2946 adapters=399
 compilation: enabled
              stopped_count=0, restarted_count=0
 full_count=0

Compilation events (20 events):
Event: 2.308 Thread 0x0000020fc05deb10 2914       3       java.util.StringTokenizer::scanToken (179 bytes)
Event: 2.309 Thread 0x0000020fc05deb10 nmethod 2914 0x0000020fa9f5b710 code [0x0000020fa9f5ba20, 0x0000020fa9f5ccf0]
Event: 2.309 Thread 0x0000020fc05deb10 2916       3       java.util.StringTokenizer::skipDelimiters (116 bytes)
Event: 2.310 Thread 0x0000020fc05deb10 nmethod 2916 0x0000020fa9f5d410 code [0x0000020fa9f5d6a0, 0x0000020fa9f5e258]
Event: 2.310 Thread 0x0000020fc05deb10 2915       3       java.util.StringTokenizer::hasMoreTokens (29 bytes)
Event: 2.310 Thread 0x0000020fc05deb10 nmethod 2915 0x0000020fa9f5e790 code [0x0000020fa9f5e940, 0x0000020fa9f5eaf0]
Event: 2.314 Thread 0x0000020fc05deb10 2917       3       java.lang.invoke.LambdaForm$DMH/0x0000020fc2100400::invokeStatic (31 bytes)
Event: 2.315 Thread 0x0000020fc05deb10 nmethod 2917 0x0000020fa9f5eb90 code [0x0000020fa9f5ed60, 0x0000020fa9f5f1c8]
Event: 2.317 Thread 0x0000020fc05deb10 2918       3       jdk.internal.loader.Resource::getByteBuffer (24 bytes)
Event: 2.317 Thread 0x0000020fc05deb10 nmethod 2918 0x0000020fa9f5f310 code [0x0000020fa9f5f500, 0x0000020fa9f5fc28]
Event: 2.324 Thread 0x0000020fc05deb10 2919       1       sun.reflect.generics.reflectiveObjects.ParameterizedTypeImpl::getRawType (5 bytes)
Event: 2.324 Thread 0x0000020fc05deb10 nmethod 2919 0x0000020fb1580790 code [0x0000020fb1580920, 0x0000020fb15809f0]
Event: 2.328 Thread 0x0000020fc05deb10 2920       3       java.lang.Class::getTypeParameters (19 bytes)
Event: 2.328 Thread 0x0000020fc05deb10 nmethod 2920 0x0000020fa9f5fd90 code [0x0000020fa9f5ff80, 0x0000020fa9f60578]
Event: 2.328 Thread 0x0000020fc05deb10 2921       1       sun.reflect.generics.reflectiveObjects.TypeVariableImpl::getName (5 bytes)
Event: 2.328 Thread 0x0000020fc05deb10 nmethod 2921 0x0000020fb1580a90 code [0x0000020fb1580c20, 0x0000020fb1580cf0]
Event: 2.328 Thread 0x0000020fc05deb10 2922       3       sun.invoke.util.VerifyAccess::isModuleAccessible (97 bytes)
Event: 2.329 Thread 0x0000020fc05deb10 nmethod 2922 0x0000020fa9f60710 code [0x0000020fa9f60a00, 0x0000020fa9f61700]
Event: 2.330 Thread 0x0000020fc05deb10 2923   !   3       org.springframework.util.ConcurrentReferenceHashMap$Segment::doTask (179 bytes)
Event: 2.332 Thread 0x0000020fc05deb10 nmethod 2923 0x0000020fa9f61c90 code [0x0000020fa9f62060, 0x0000020fa9f63950]

GC Heap History (4 events):
Event: 0.755 GC heap before
{Heap before GC invocations=0 (full 0):
 garbage-first heap   total 260096K, used 22528K [0x0000000703e00000, 0x0000000800000000)
  region size 2048K, 11 young (22528K), 0 survivors (0K)
 Metaspace       used 4601K, committed 4800K, reserved 1114112K
  class space    used 472K, committed 576K, reserved 1048576K
}
Event: 0.759 GC heap after
{Heap after GC invocations=1 (full 0):
 garbage-first heap   total 260096K, used 6207K [0x0000000703e00000, 0x0000000800000000)
  region size 2048K, 2 young (4096K), 2 survivors (4096K)
 Metaspace       used 4601K, committed 4800K, reserved 1114112K
  class space    used 472K, committed 576K, reserved 1048576K
}
Event: 1.355 GC heap before
{Heap before GC invocations=1 (full 0):
 garbage-first heap   total 260096K, used 32831K [0x0000000703e00000, 0x0000000800000000)
  region size 2048K, 16 young (32768K), 2 survivors (4096K)
 Metaspace       used 10563K, committed 10752K, reserved 1114112K
  class space    used 1243K, committed 1344K, reserved 1048576K
}
Event: 1.358 GC heap after
{Heap after GC invocations=2 (full 0):
 garbage-first heap   total 260096K, used 7857K [0x0000000703e00000, 0x0000000800000000)
  region size 2048K, 1 young (2048K), 1 survivors (2048K)
 Metaspace       used 10563K, committed 10752K, reserved 1114112K
  class space    used 1243K, committed 1344K, reserved 1048576K
}

Dll operation events (11 events):
Event: 0.017 Loaded shared library C:\Program Files\Java\jdk-21\bin\java.dll
Event: 0.019 Loaded shared library C:\Program Files\Java\jdk-21\bin\zip.dll
Event: 0.059 Loaded shared library C:\Program Files\Java\jdk-21\bin\jsvml.dll
Event: 0.187 Loaded shared library C:\Program Files\Java\jdk-21\bin\instrument.dll
Event: 0.227 Loaded shared library C:\Program Files\Java\jdk-21\bin\net.dll
Event: 0.229 Loaded shared library C:\Program Files\Java\jdk-21\bin\nio.dll
Event: 0.237 Loaded shared library C:\Program Files\Java\jdk-21\bin\zip.dll
Event: 0.342 Loaded shared library C:\Program Files\Java\jdk-21\bin\verify.dll
Event: 0.349 Loaded shared library C:\Program Files\Java\jdk-21\bin\jimage.dll
Event: 0.730 Loaded shared library C:\Program Files\Java\jdk-21\bin\management.dll
Event: 0.733 Loaded shared library C:\Program Files\Java\jdk-21\bin\management_ext.dll

Deoptimization events (20 events):
Event: 2.317 Thread 0x0000021006827d60 DEOPT PACKING pc=0x0000020fa9b2d30c sp=0x0000005295bfcda0
Event: 2.317 Thread 0x0000021006827d60 DEOPT UNPACKING pc=0x0000020fb0ef4e42 sp=0x0000005295bfc278 mode 1
Event: 2.317 Thread 0x0000021006827d60 DEOPT PACKING pc=0x0000020fa9aa9ee4 sp=0x0000005295bfcef0
Event: 2.317 Thread 0x0000021006827d60 DEOPT UNPACKING pc=0x0000020fb0ef4e42 sp=0x0000005295bfc398 mode 1
Event: 2.317 Thread 0x0000021006827d60 DEOPT PACKING pc=0x0000020fa9b8116c sp=0x0000005295bfd940
Event: 2.317 Thread 0x0000021006827d60 DEOPT UNPACKING pc=0x0000020fb0ef4e42 sp=0x0000005295bfce08 mode 1
Event: 2.317 Thread 0x0000021006827d60 DEOPT PACKING pc=0x0000020fa9b2d30c sp=0x0000005295bfd9d0
Event: 2.317 Thread 0x0000021006827d60 DEOPT UNPACKING pc=0x0000020fb0ef4e42 sp=0x0000005295bfcea8 mode 1
Event: 2.326 Thread 0x0000021006827d60 DEOPT PACKING pc=0x0000020fa9d8f08c sp=0x0000005295bfcfa0
Event: 2.326 Thread 0x0000021006827d60 DEOPT UNPACKING pc=0x0000020fb0ef4e42 sp=0x0000005295bfc4f8 mode 0
Event: 2.327 Thread 0x0000021006827d60 DEOPT PACKING pc=0x0000020fa9ec60c1 sp=0x0000005295bfc770
Event: 2.327 Thread 0x0000021006827d60 DEOPT UNPACKING pc=0x0000020fb0ef4e42 sp=0x0000005295bfbc48 mode 1
Event: 2.327 Thread 0x0000021006827d60 DEOPT PACKING pc=0x0000020fa9d92244 sp=0x0000005295bfc800
Event: 2.327 Thread 0x0000021006827d60 DEOPT UNPACKING pc=0x0000020fb0ef4e42 sp=0x0000005295bfbda8 mode 1
Event: 2.327 Thread 0x0000021006827d60 DEOPT PACKING pc=0x0000020fa9d8a83c sp=0x0000005295bfc960
Event: 2.327 Thread 0x0000021006827d60 DEOPT UNPACKING pc=0x0000020fb0ef4e42 sp=0x0000005295bfbf00 mode 1
Event: 2.328 Thread 0x0000021006827d60 Uncommon trap: trap_request=0xffffffde fr.pc=0x0000020fb1552bf0 relative=0x0000000000000690
Event: 2.328 Thread 0x0000021006827d60 Uncommon trap: reason=class_check action=maybe_recompile pc=0x0000020fb1552bf0 method=org.springframework.util.ConcurrentReferenceHashMap$Segment.findInChain(Lorg/springframework/util/ConcurrentReferenceHashMap$Reference;Ljava/lang/Object;I)Lorg/springfra
Event: 2.328 Thread 0x0000021006827d60 DEOPT PACKING pc=0x0000020fb1552bf0 sp=0x0000005295bfdf00
Event: 2.328 Thread 0x0000021006827d60 DEOPT UNPACKING pc=0x0000020fb0ef46a2 sp=0x0000005295bfdd98 mode 2

Classes loaded (20 events):
Event: 2.328 Loading class org/springframework/data/repository/core/support/AbstractRepositoryMetadata
Event: 2.328 Loading class org/springframework/data/repository/core/support/AbstractRepositoryMetadata done
Event: 2.328 Loading class org/springframework/data/repository/core/CrudMethods
Event: 2.328 Loading class org/springframework/data/repository/core/CrudMethods done
Event: 2.328 Loading class org/springframework/data/repository/core/CrudMethods
Event: 2.328 Loading class org/springframework/data/repository/core/CrudMethods done
Event: 2.328 Loading class org/springframework/data/util/ParameterizedTypeInformation
Event: 2.328 Loading class org/springframework/data/util/ParameterizedTypeInformation done
Event: 2.329 Loading class org/springframework/data/util/ParentTypeAwareTypeInformation
Event: 2.329 Loading class org/springframework/data/util/ParentTypeAwareTypeInformation done
Event: 2.330 Loading class org/springframework/core/GenericTypeResolver$TypeVariableMapVariableResolver
Event: 2.330 Loading class org/springframework/core/GenericTypeResolver$TypeVariableMapVariableResolver done
Event: 2.330 Loading class java/util/stream/Streams$RangeIntSpliterator
Event: 2.330 Loading class java/util/stream/Streams$RangeIntSpliterator done
Event: 2.331 Loading class org/springframework/data/util/Pair
Event: 2.331 Loading class org/springframework/data/util/Pair done
Event: 2.331 Loading class org/springframework/data/util/Pair
Event: 2.331 Loading class org/springframework/data/util/Pair done
Event: 2.332 Loading class java/util/stream/IntPipeline$1
Event: 2.332 Loading class java/util/stream/IntPipeline$1 done

Classes unloaded (0 events):
No events

Classes redefined (0 events):
No events

Internal exceptions (20 events):
Event: 1.560 Thread 0x0000021006827d60 Exception <a 'java/lang/ClassNotFoundException'{0x0000000712aec268}: org/springframework/core/PriorityOrderedCustomizer> (0x0000000712aec268) 
thrown [s\open\src\hotspot\share\classfile\systemDictionary.cpp, line 312]
Event: 1.561 Thread 0x0000021006827d60 Exception <a 'java/lang/ClassNotFoundException'{0x0000000712aef890}: org/springframework/core/OrderedCustomizer> (0x0000000712aef890) 
thrown [s\open\src\hotspot\share\classfile\systemDictionary.cpp, line 312]
Event: 1.562 Thread 0x0000021006827d60 Exception <a 'java/lang/ClassNotFoundException'{0x0000000712af4050}: org/springframework/context/ResourceLoaderAwareCustomizer> (0x0000000712af4050) 
thrown [s\open\src\hotspot\share\classfile\systemDictionary.cpp, line 312]
Event: 1.562 Thread 0x0000021006827d60 Exception <a 'java/lang/ClassNotFoundException'{0x0000000712af8970}: org/springframework/beans/factory/AwareCustomizer> (0x0000000712af8970) 
thrown [s\open\src\hotspot\share\classfile\systemDictionary.cpp, line 312]
Event: 1.563 Thread 0x0000021006827d60 Exception <a 'java/lang/ClassNotFoundException'{0x0000000712b62160}: org/springframework/context/ApplicationStartupAwareCustomizer> (0x0000000712b62160) 
thrown [s\open\src\hotspot\share\classfile\systemDictionary.cpp, line 312]
Event: 1.564 Thread 0x0000021006827d60 Exception <a 'java/lang/ClassNotFoundException'{0x0000000712b66d08}: org/springframework/beans/factory/AwareCustomizer> (0x0000000712b66d08) 
thrown [s\open\src\hotspot\share\classfile\systemDictionary.cpp, line 312]
Event: 1.565 Thread 0x0000021006827d60 Exception <a 'java/lang/ClassNotFoundException'{0x0000000712b6a650}: org/springframework/beans/factory/BeanClassLoaderAwareCustomizer> (0x0000000712b6a650) 
thrown [s\open\src\hotspot\share\classfile\systemDictionary.cpp, line 312]
Event: 1.565 Thread 0x0000021006827d60 Exception <a 'java/lang/ClassNotFoundException'{0x0000000712b6ef58}: org/springframework/beans/factory/AwareCustomizer> (0x0000000712b6ef58) 
thrown [s\open\src\hotspot\share\classfile\systemDictionary.cpp, line 312]
Event: 1.566 Thread 0x0000021006827d60 Exception <a 'java/lang/ClassNotFoundException'{0x0000000712b72628}: org/springframework/context/EnvironmentAwareCustomizer> (0x0000000712b72628) 
thrown [s\open\src\hotspot\share\classfile\systemDictionary.cpp, line 312]
Event: 1.567 Thread 0x0000021006827d60 Exception <a 'java/lang/ClassNotFoundException'{0x0000000712b76ec8}: org/springframework/beans/factory/AwareCustomizer> (0x0000000712b76ec8) 
thrown [s\open\src\hotspot\share\classfile\systemDictionary.cpp, line 312]
Event: 1.572 Thread 0x0000021006b08580 Exception <a 'java/lang/NoSuchMethodError'{0x0000000712bfbcd0}: 'long java.lang.invoke.DirectMethodHandle$Holder.invokeSpecial(java.lang.Object, java.lang.Object)'> (0x0000000712bfbcd0) 
thrown [s\open\src\hotspot\share\interpreter\linkResolver.cpp, line 773]
Event: 1.574 Thread 0x0000021006b08580 Exception <a 'java/lang/NoSuchMethodError'{0x000000071284dcf8}: 'long java.lang.invoke.DirectMethodHandle$Holder.invokeStatic(java.lang.Object, java.lang.Object)'> (0x000000071284dcf8) 
thrown [s\open\src\hotspot\share\interpreter\linkResolver.cpp, line 773]
Event: 1.575 Thread 0x0000021006b08580 Exception <a 'java/lang/NoSuchMethodError'{0x0000000712851060}: 'long java.lang.invoke.DirectMethodHandle$Holder.invokeStaticInit(java.lang.Object, java.lang.Object)'> (0x0000000712851060) 
thrown [s\open\src\hotspot\share\interpreter\linkResolver.cpp, line 773]
Event: 1.578 Thread 0x0000021006b08580 Exception <a 'java/lang/NoSuchMethodError'{0x000000071285d1a8}: 'long java.lang.invoke.DirectMethodHandle$Holder.invokeInterface(java.lang.Object, java.lang.Object)'> (0x000000071285d1a8) 
thrown [s\open\src\hotspot\share\interpreter\linkResolver.cpp, line 773]
Event: 1.578 Thread 0x0000021006b08580 Exception <a 'java/lang/IncompatibleClassChangeError'{0x0000000712860458}: Found class java.lang.Object, but interface was expected> (0x0000000712860458) 
thrown [s\open\src\hotspot\share\interpreter\linkResolver.cpp, line 840]
Event: 1.587 Thread 0x0000021006b08580 Exception <a 'java/lang/NoSuchMethodError'{0x0000000712929250}: 'java.lang.Object java.lang.invoke.DirectMethodHandle$Holder.invokeVirtual(java.lang.Object, java.lang.Object, java.lang.Object, java.lang.Object)'> (0x0000000712929250) 
thrown [s\open\src\hotspot\share\interpreter\linkResolver.cpp, line 773]
Event: 1.590 Thread 0x0000021006827d60 Exception <a 'java/lang/NoSuchMethodError'{0x00000007129561e8}: 'java.lang.Object java.lang.invoke.DirectMethodHandle$Holder.invokeVirtual(java.lang.Object, java.lang.Object, java.lang.Object)'> (0x00000007129561e8) 
thrown [s\open\src\hotspot\share\interpreter\linkResolver.cpp, line 773]
Event: 1.739 Thread 0x0000021006827d60 Exception <a 'java/lang/IncompatibleClassChangeError'{0x0000000712107b00}: Found class java.lang.Object, but interface was expected> (0x0000000712107b00) 
thrown [s\open\src\hotspot\share\interpreter\linkResolver.cpp, line 840]
Event: 1.776 Thread 0x0000021006827d60 Exception <a 'java/lang/NoSuchMethodError'{0x0000000711e7dd40}: 'void java.lang.invoke.DirectMethodHandle$Holder.invokeInterface(java.lang.Object, java.lang.Object, java.lang.Object, java.lang.Object)'> (0x0000000711e7dd40) 
thrown [s\open\src\hotspot\share\interpreter\linkResolver.cpp, line 773]
Event: 2.331 Thread 0x0000021006827d60 Exception <a 'java/lang/NoSuchMethodError'{0x00000007104c5c10}: 'java.lang.Object java.lang.invoke.DirectMethodHandle$Holder.invokeStatic(java.lang.Object, java.lang.Object, java.lang.Object, java.lang.Object, int)'> (0x00000007104c5c10) 
thrown [s\open\src\hotspot\share\interpreter\linkResolver.cpp, line 773]

ZGC Phase Switch (0 events):
No events

VM Operations (20 events):
Event: 1.503 Executing VM operation: HandshakeAllThreads (Deoptimize)
Event: 1.503 Executing VM operation: HandshakeAllThreads (Deoptimize) done
Event: 1.549 Executing VM operation: HandshakeAllThreads (Deoptimize)
Event: 1.549 Executing VM operation: HandshakeAllThreads (Deoptimize) done
Event: 1.583 Executing VM operation: HandshakeAllThreads (Deoptimize)
Event: 1.583 Executing VM operation: HandshakeAllThreads (Deoptimize) done
Event: 1.816 Executing VM operation: ICBufferFull
Event: 1.816 Executing VM operation: ICBufferFull done
Event: 2.020 Executing VM operation: ICBufferFull
Event: 2.020 Executing VM operation: ICBufferFull done
Event: 2.088 Executing VM operation: HandshakeAllThreads (Deoptimize)
Event: 2.088 Executing VM operation: HandshakeAllThreads (Deoptimize) done
Event: 2.253 Executing VM operation: ICBufferFull
Event: 2.253 Executing VM operation: ICBufferFull done
Event: 2.302 Executing VM operation: HandshakeAllThreads (Deoptimize)
Event: 2.302 Executing VM operation: HandshakeAllThreads (Deoptimize) done
Event: 2.303 Executing VM operation: HandshakeAllThreads (Deoptimize)
Event: 2.303 Executing VM operation: HandshakeAllThreads (Deoptimize) done
Event: 2.325 Executing VM operation: HandshakeAllThreads (Deoptimize)
Event: 2.325 Executing VM operation: HandshakeAllThreads (Deoptimize) done

Events (20 events):
Event: 0.056 Thread 0x0000020fc05c82a0 Thread added: 0x0000020fc05c82a0
Event: 0.057 Thread 0x0000020fc05ca790 Thread added: 0x0000020fc05ca790
Event: 0.057 Thread 0x0000020fc05cd560 Thread added: 0x0000020fc05cd560
Event: 0.057 Thread 0x0000020fc05cefd0 Thread added: 0x0000020fc05cefd0
Event: 0.057 Thread 0x0000020fc05cfc90 Thread added: 0x0000020fc05cfc90
Event: 0.057 Thread 0x0000020fc05ddf40 Thread added: 0x0000020fc05ddf40
Event: 0.057 Thread 0x0000020fc05deb10 Thread added: 0x0000020fc05deb10
Event: 0.129 Thread 0x0000020fc08036e0 Thread added: 0x0000020fc08036e0
Event: 0.163 Thread 0x0000020fc0997bc0 Thread added: 0x0000020fc0997bc0
Event: 0.163 Thread 0x0000020fc090c240 Thread added: 0x0000020fc090c240
Event: 0.163 Thread 0x0000020fc090c8c0 Thread added: 0x0000020fc090c8c0
Event: 0.205 Thread 0x0000020fc097ec00 Thread added: 0x0000020fc097ec00
Event: 0.261 Thread 0x0000020fc0a72f60 Thread added: 0x0000020fc0a72f60
Event: 0.788 Thread 0x0000021006824fa0 Thread added: 0x0000021006824fa0
Event: 0.796 Thread 0x0000021006827d60 Thread added: 0x0000021006827d60
Event: 1.270 Thread 0x0000021006b08580 Thread added: 0x0000021006b08580
Event: 1.590 Thread 0x0000021006b08580 Thread exited: 0x0000021006b08580
Event: 1.661 Thread 0x0000021006f3aa10 Thread added: 0x0000021006f3aa10
Event: 1.729 Thread 0x0000021006f3aa10 Thread exited: 0x0000021006f3aa10
Event: 1.856 Thread 0x000002100728b750 Thread added: 0x000002100728b750


Dynamic libraries:
0x00007ff779470000 - 0x00007ff779480000 	C:\Program Files\Java\jdk-21\bin\java.exe
0x00007ffc7f430000 - 0x00007ffc7f647000 	C:\WINDOWS\SYSTEM32\ntdll.dll
0x00007ffc7d330000 - 0x00007ffc7d3f4000 	C:\WINDOWS\System32\KERNEL32.DLL
0x00007ffc7c710000 - 0x00007ffc7cae0000 	C:\WINDOWS\System32\KERNELBASE.dll
0x00007ffc7cae0000 - 0x00007ffc7cbf1000 	C:\WINDOWS\System32\ucrtbase.dll
0x00007ffc67140000 - 0x00007ffc67159000 	C:\Program Files\Java\jdk-21\bin\jli.dll
0x00007ffc66560000 - 0x00007ffc6657b000 	C:\Program Files\Java\jdk-21\bin\VCRUNTIME140.dll
0x00007ffc7d790000 - 0x00007ffc7d841000 	C:\WINDOWS\System32\ADVAPI32.dll
0x00007ffc7e6f0000 - 0x00007ffc7e797000 	C:\WINDOWS\System32\msvcrt.dll
0x00007ffc7efb0000 - 0x00007ffc7f057000 	C:\WINDOWS\System32\sechost.dll
0x00007ffc7d070000 - 0x00007ffc7d098000 	C:\WINDOWS\System32\bcrypt.dll
0x00007ffc7d560000 - 0x00007ffc7d674000 	C:\WINDOWS\System32\RPCRT4.dll
0x00007ffc7eb00000 - 0x00007ffc7ecae000 	C:\WINDOWS\System32\USER32.dll
0x00007ffc5ce90000 - 0x00007ffc5d122000 	C:\WINDOWS\WinSxS\amd64_microsoft.windows.common-controls_6595b64144ccf1df_6.0.22621.4830_none_270fe7d773858e80\COMCTL32.dll
0x00007ffc7c6e0000 - 0x00007ffc7c706000 	C:\WINDOWS\System32\win32u.dll
0x00007ffc7d220000 - 0x00007ffc7d249000 	C:\WINDOWS\System32\GDI32.dll
0x00007ffc7cf50000 - 0x00007ffc7d06b000 	C:\WINDOWS\System32\gdi32full.dll
0x00007ffc7cdf0000 - 0x00007ffc7ce8a000 	C:\WINDOWS\System32\msvcp_win.dll
0x00007ffc74f40000 - 0x00007ffc74f4a000 	C:\WINDOWS\SYSTEM32\VERSION.dll
0x00007ffc7ef70000 - 0x00007ffc7efa1000 	C:\WINDOWS\System32\IMM32.DLL
0x00007ffc66cf0000 - 0x00007ffc66cfc000 	C:\Program Files\Java\jdk-21\bin\vcruntime140_1.dll
0x00007ffc453c0000 - 0x00007ffc4544e000 	C:\Program Files\Java\jdk-21\bin\msvcp140.dll
0x00007ffbc34e0000 - 0x00007ffbc41f7000 	C:\Program Files\Java\jdk-21\bin\server\jvm.dll
0x00007ffc7c400000 - 0x00007ffc7c44d000 	C:\WINDOWS\SYSTEM32\POWRPROF.dll
0x00007ffc7d970000 - 0x00007ffc7d9e1000 	C:\WINDOWS\System32\WS2_32.dll
0x00007ffc72fa0000 - 0x00007ffc72fd4000 	C:\WINDOWS\SYSTEM32\WINMM.dll
0x00007ffc7c3e0000 - 0x00007ffc7c3f3000 	C:\WINDOWS\SYSTEM32\UMPDC.dll
0x00007ffc7b600000 - 0x00007ffc7b618000 	C:\WINDOWS\SYSTEM32\kernel.appcore.dll
0x00007ffc666f0000 - 0x00007ffc666fa000 	C:\Program Files\Java\jdk-21\bin\jimage.dll
0x00007ffc5efa0000 - 0x00007ffc5f1d2000 	C:\WINDOWS\SYSTEM32\DBGHELP.DLL
0x00007ffc7f060000 - 0x00007ffc7f3f0000 	C:\WINDOWS\System32\combase.dll
0x00007ffc7ea20000 - 0x00007ffc7eaf7000 	C:\WINDOWS\System32\OLEAUT32.dll
0x00007ffc5ef60000 - 0x00007ffc5ef92000 	C:\WINDOWS\SYSTEM32\dbgcore.DLL
0x00007ffc7d0a0000 - 0x00007ffc7d11b000 	C:\WINDOWS\System32\bcryptPrimitives.dll
0x00007ffc66390000 - 0x00007ffc663cc000 	C:\Program Files\Java\jdk-21\bin\jdwp.dll
0x00007ffc77870000 - 0x00007ffc7787f000 	C:\Program Files\Java\jdk-21\bin\instrument.dll
0x00007ffc66540000 - 0x00007ffc6655f000 	C:\Program Files\Java\jdk-21\bin\java.dll
0x00007ffc66040000 - 0x00007ffc66058000 	C:\Program Files\Java\jdk-21\bin\zip.dll
0x00007ffc7d9f0000 - 0x00007ffc7e268000 	C:\WINDOWS\System32\SHELL32.dll
0x00007ffc7a450000 - 0x00007ffc7ad60000 	C:\WINDOWS\SYSTEM32\windows.storage.dll
0x00007ffc7a310000 - 0x00007ffc7a44f000 	C:\WINDOWS\SYSTEM32\wintypes.dll
0x00007ffc7ecb0000 - 0x00007ffc7edba000 	C:\WINDOWS\System32\SHCORE.dll
0x00007ffc7d120000 - 0x00007ffc7d17e000 	C:\WINDOWS\System32\shlwapi.dll
0x00007ffc7c610000 - 0x00007ffc7c63b000 	C:\WINDOWS\SYSTEM32\profapi.dll
0x00007ffc01f40000 - 0x00007ffc02017000 	C:\Program Files\Java\jdk-21\bin\jsvml.dll
0x00007ffc77570000 - 0x00007ffc7757c000 	C:\Program Files\Java\jdk-21\bin\dt_socket.dll
0x00007ffc7ae80000 - 0x00007ffc7aead000 	C:\WINDOWS\SYSTEM32\IPHLPAPI.DLL
0x00007ffc7bba0000 - 0x00007ffc7bc0a000 	C:\WINDOWS\system32\mswsock.dll
0x00007ffc66530000 - 0x00007ffc66540000 	C:\Program Files\Java\jdk-21\bin\net.dll
0x00007ffc7b620000 - 0x00007ffc7b74c000 	C:\WINDOWS\SYSTEM32\WINHTTP.dll
0x00007ffc66510000 - 0x00007ffc66526000 	C:\Program Files\Java\jdk-21\bin\nio.dll
0x00007ffc65ca0000 - 0x00007ffc65cb0000 	C:\Program Files\Java\jdk-21\bin\verify.dll
0x00007ffc77a40000 - 0x00007ffc77a4a000 	C:\Program Files\Java\jdk-21\bin\management.dll
0x00007ffc77a30000 - 0x00007ffc77a3b000 	C:\Program Files\Java\jdk-21\bin\management_ext.dll
0x00007ffc7e960000 - 0x00007ffc7e968000 	C:\WINDOWS\System32\PSAPI.DLL
0x00007ffc527e0000 - 0x00007ffc527f7000 	C:\WINDOWS\system32\napinsp.dll
0x00007ffc52790000 - 0x00007ffc527ab000 	C:\WINDOWS\system32\pnrpnsp.dll
0x00007ffc7aeb0000 - 0x00007ffc7afb2000 	C:\WINDOWS\SYSTEM32\DNSAPI.dll
0x00007ffc7d8f0000 - 0x00007ffc7d8f9000 	C:\WINDOWS\System32\NSI.dll
0x00007ffc52770000 - 0x00007ffc52781000 	C:\WINDOWS\System32\winrnr.dll
0x00007ffc526e0000 - 0x00007ffc526f5000 	C:\WINDOWS\system32\wshbth.dll
0x00007ffc526b0000 - 0x00007ffc526d7000 	C:\WINDOWS\system32\nlansp_c.dll
0x00007ffc6e230000 - 0x00007ffc6e23a000 	C:\Windows\System32\rasadhlp.dll
0x00007ffc76a70000 - 0x00007ffc76af3000 	C:\WINDOWS\System32\fwpuclnt.dll

dbghelp: loaded successfully - version: 4.0.5 - missing functions: none
symbol engine: initialized successfully - sym options: 0x614 - pdb path: .;C:\Program Files\Java\jdk-21\bin;C:\WINDOWS\SYSTEM32;C:\WINDOWS\WinSxS\amd64_microsoft.windows.common-controls_6595b64144ccf1df_6.0.22621.4830_none_270fe7d773858e80;C:\Program Files\Java\jdk-21\bin\server

VM Arguments:
jvm_args: -agentlib:jdwp=transport=dt_socket,address=127.0.0.1:55960,suspend=y,server=n -javaagent:C:\Users\rodrigofc\AppData\Local\JetBrains\IdeaIC2023.2\captureAgent\debugger-agent.jar -Dfile.encoding=UTF-8 -Dsun.stdout.encoding=UTF-8 -Dsun.stderr.encoding=UTF-8 
java_command: domain.DebitAndCreditControlApiApplication
java_class_path (initial): C:\Users\rodrigofc\Downloads\debitAndCreditControl-api\debitAndCreditControl-api\target\classes;C:\Users\rodrigofc\.m2\repository\org\springframework\boot\spring-boot-starter-data-jpa\2.7.0\spring-boot-starter-data-jpa-2.7.0.jar;C:\Users\rodrigofc\.m2\repository\org\springframework\boot\spring-boot-starter-aop\2.7.0\spring-boot-starter-aop-2.7.0.jar;C:\Users\rodrigofc\.m2\repository\org\springframework\spring-aop\5.3.20\spring-aop-5.3.20.jar;C:\Users\rodrigofc\.m2\repository\org\aspectj\aspectjweaver\1.9.7\aspectjweaver-1.9.7.jar;C:\Users\rodrigofc\.m2\repository\org\springframework\boot\spring-boot-starter-jdbc\2.7.0\spring-boot-starter-jdbc-2.7.0.jar;C:\Users\rodrigofc\.m2\repository\com\zaxxer\HikariCP\4.0.3\HikariCP-4.0.3.jar;C:\Users\rodrigofc\.m2\repository\org\springframework\spring-jdbc\5.3.20\spring-jdbc-5.3.20.jar;C:\Users\rodrigofc\.m2\repository\jakarta\transaction\jakarta.transaction-api\1.3.3\jakarta.transaction-api-1.3.3.jar;C:\Users\rodrigofc\.m2\repository\jakarta\persistence\jakarta.persistence-api\2.2.3\jakarta.persistence-api-2.2.3.jar;C:\Users\rodrigofc\.m2\repository\org\hibernate\hibernate-core\5.6.9.Final\hibernate-core-5.6.9.Final.jar;C:\Users\rodrigofc\.m2\repository\org\jboss\logging\jboss-logging\3.4.3.Final\jboss-logging-3.4.3.Final.jar;C:\Users\rodrigofc\.m2\repository\net\bytebuddy\byte-buddy\1.12.10\byte-buddy-1.12.10.jar;C:\Users\rodrigofc\.m2\repository\antlr\antlr\2.7.7\antlr-2.7.7.jar;C:\Users\rodrigofc\.m2\repository\org\jboss\jandex\2.4.2.Final\jandex-2.4.2.Final.jar;C:\Users\rodrigofc\.m2\repository\com\fasterxml\classmate\1.5.1\classmate-1.5.1.jar;C:\Users\rodrigofc\.m2\repository\org\hibernate\common\hibernate-commons-annotations\5.1.2.Final\hibernate-commons-annotations-5.1.2.Final.jar;C:\Users\rodrigofc\.m2\repository\org\glassfish\jaxb\jaxb-runtime\2.3.6\jaxb-runtime-2.3.6.jar;C:\Users\rodrigofc\.m2\repository\org\glassfish\jaxb\txw2\2.3.6\txw2-2.3.6.jar;C:\Users\rodrigofc\.m2\repository\com\sun\istack\istack-commons-runtime\3.0.12\istack-commons-runtime-3.0.12.jar;C:\Users\rodrigofc\.m2\repository\com\sun\activation\jakarta.activation\1.2.2\jakarta.activation-1.2.2.jar;C:\Users\rodrigofc\.m2\repository\org\springframework\data\spring-data-jpa\2.7.0\spring-data-jpa-2.7.0.jar;C:\Users\rodrigofc\.m2\repository\org\springframework\data\spring-data-commons\2.7.0\spring-data-commons-2.7.0.jar;C:\Users\rodrigofc\.m2\repository\org\springframework\spring-orm\5.3.20\spring-orm-5.3.20.jar;C:\Users\rodrigofc\.m2\repository\org\springframework\spring-context\5.3.20\spring-context-5.3.20.jar;C:\Users\rodrigofc\.m2\repository\org\springframework\spring-tx\5.3.20\spring-tx-5.3.20.jar;C:\Users\rodrigofc\.m2\repository\org\springframework\spring-beans\5.3.20\spring-beans-5.3.20.jar;C:\Users\rodrigofc\.m2\repository\org\slf4j\slf4j-api\1.7.36\slf4j-api-1.7.36.jar;C:\Users\rodrigofc\.m2\repository\org\springframework\spring-aspects\5.3.20\spring-aspects-5.3.20.jar;C:\Users\rodrigofc\.m2\repository\org\springframework\boot\spring-boot-starter-web\2.7.0\spring-boot-starter-web-2.7.0.jar;C:\Users\rodrigofc\.m2\repository\org\springframework\boot\spring-boot-starter\2.7.0\spring-boot-starter-2.7.0.jar;C:\Users\rodrigofc\.m2\repository\org\springframework\boot\spring-boot-starter-logging\2.7.0\spring-boot-starter-logging-2.7.0.jar;C:\Users\rodrigofc\.m2\repository\ch\qos\logback\logback-classic\1.2.11\logback-classic-1.2.11.jar;C:\Users\rodrigofc\.m2\repository\ch\qos\logback\logback-core\1.2.11\logback-core-1.2.11.jar;C:\Users\rodrigofc\.m2\repository\org\apache\logging\log4j\log4j-to-slf4j\2.17.2\log4j-to-slf4j-2.17.2.jar;C:\Users\rodrigofc\.m2\repository\org\apache\logging\log4j\log4j-api\2.17.2\log4j-api-2.17.2.jar;C:\Users\rodrigofc\.m2\repository\org\slf4j\jul-to-slf4j\1.7.36\jul-to-slf4j-1.7.36.jar;C:\Users\rodrigofc\.m2\repository\jakarta\annotation\jakarta.annotation-api\1.3.5\jakarta.annotation-api-1.3.5.jar;C:\Users\rodrigofc\.m2\repository\org\yaml\snakeyaml\1.30\snakeyaml-1.30.jar;C:\Users\rodrigofc\.m2\repository\org\springframework\boot\spring-boot-starter-json\2.7.0\spring-boot-starter-json-2.7.0.jar;C:\Users\rodrigofc\.m2\repository\com\fasterxml\jackson\core\jackson-databind\2.13.3\jackson-databind-2.13.3.jar;C:\Users\rodrigofc\.m2\repository\com\fasterxml\jackson\core\jackson-annotations\2.13.3\jackson-annotations-2.13.3.jar;C:\Users\rodrigofc\.m2\repository\com\fasterxml\jackson\core\jackson-core\2.13.3\jackson-core-2.13.3.jar;C:\Users\rodrigofc\.m2\repository\com\fasterxml\jackson\datatype\jackson-datatype-jdk8\2.13.3\jackson-datatype-jdk8-2.13.3.jar;C:\Users\rodrigofc\.m2\repository\com\fasterxml\jackson\datatype\jackson-datatype-jsr310\2.13.3\jackson-datatype-jsr310-2.13.3.jar;C:\Users\rodrigofc\.m2\repository\com\fasterxml\jackson\module\jackson-module-parameter-names\2.13.3\jackson-module-parameter-names-2.13.3.jar;C:\Users\rodrigofc\.m2\repository\org\springframework\boot\spring-boot-starter-tomcat\2.7.0\spring-boot-starter-tomcat-2.7.0.jar;C:\Users\rodrigofc\.m2\repository\org\apache\tomcat\embed\tomcat-embed-core\9.0.63\tomcat-embed-core-9.0.63.jar;C:\Users\rodrigofc\.m2\repository\org\apache\tomcat\embed\tomcat-embed-el\9.0.63\tomcat-embed-el-9.0.63.jar;C:\Users\rodrigofc\.m2\repository\org\apache\tomcat\embed\tomcat-embed-websocket\9.0.63\tomcat-embed-websocket-9.0.63.jar;C:\Users\rodrigofc\.m2\repository\org\springframework\spring-web\5.3.20\spring-web-5.3.20.jar;C:\Users\rodrigofc\.m2\repository\org\springframework\spring-webmvc\5.3.20\spring-webmvc-5.3.20.jar;C:\Users\rodrigofc\.m2\repository\org\springframework\spring-expression\5.3.20\spring-expression-5.3.20.jar;C:\Users\rodrigofc\.m2\repository\org\springframework\boot\spring-boot-devtools\2.7.0\spring-boot-devtools-2.7.0.jar;C:\Users\rodrigofc\.m2\repository\org\springframework\boot\spring-boot\2.7.0\spring-boot-2.7.0.jar;C:\Users\rodrigofc\.m2\repository\org\springframework\boot\spring-boot-autoconfigure\2.7.0\spring-boot-autoconfigure-2.7.0.jar;C:\Users\rodrigofc\.m2\repository\jakarta\xml\bind\jakarta.xml.bind-api\2.3.3\jakarta.xml.bind-api-2.3.3.jar;C:\Users\rodrigofc\.m2\repository\jakarta\activation\jakarta.activation-api\1.2.2\jakarta.activation-api-1.2.2.jar;C:\Users\rodrigofc\.m2\repository\org\springframework\spring-core\5.3.20\spring-core-5.3.20.jar;C:\Users\rodrigofc\.m2\repository\org\springframework\spring-jcl\5.3.20\spring-jcl-5.3.20.jar;C:\Users\rodrigofc\.m2\repository\mysql\mysql-connector-java\8.0.29\mysql-connector-java-8.0.29.jar;C:\Users\rodrigofc\.m2\repository\org\flywaydb\flyway-core\7.9.1\flyway-core-7.9.1.jar;C:\Users\rodrigofc\.m2\repository\org\flywaydb\flyway-mysql\8.5.11\flyway-mysql-8.5.11.jar;C:\Program Files\JetBrains\IntelliJ IDEA Community Edition 2023.2.2\lib\idea_rt.jar
Launcher Type: SUN_STANDARD

[Global flags]
     intx CICompilerCount                          = 4                                         {product} {ergonomic}
     uint ConcGCThreads                            = 2                                         {product} {ergonomic}
     uint G1ConcRefinementThreads                  = 8                                         {product} {ergonomic}
   size_t G1HeapRegionSize                         = 2097152                                   {product} {ergonomic}
    uintx GCDrainStackTargetSize                   = 64                                        {product} {ergonomic}
   size_t InitialHeapSize                          = 266338304                                 {product} {ergonomic}
   size_t MarkStackSize                            = 4194304                                   {product} {ergonomic}
   size_t MaxHeapSize                              = 4229955584                                {product} {ergonomic}
   size_t MaxNewSize                               = 2537553920                                {product} {ergonomic}
   size_t MinHeapDeltaBytes                        = 2097152                                   {product} {ergonomic}
   size_t MinHeapSize                              = 8388608                                   {product} {ergonomic}
    uintx NonNMethodCodeHeapSize                   = 5839372                                {pd product} {ergonomic}
    uintx NonProfiledCodeHeapSize                  = 122909434                              {pd product} {ergonomic}
    uintx ProfiledCodeHeapSize                     = 122909434                              {pd product} {ergonomic}
    uintx ReservedCodeCacheSize                    = 251658240                              {pd product} {ergonomic}
     bool SegmentedCodeCache                       = true                                      {product} {ergonomic}
   size_t SoftMaxHeapSize                          = 4229955584                             {manageable} {ergonomic}
     bool UseCompressedOops                        = true                           {product lp64_product} {ergonomic}
     bool UseG1GC                                  = true                                      {product} {ergonomic}
     bool UseLargePagesIndividualAllocation        = false                                  {pd product} {ergonomic}

Logging:
Log output configuration:
 #0: stdout all=warning uptime,level,tags foldmultilines=false
 #1: stderr all=off uptime,level,tags foldmultilines=false

Environment Variables:
JAVA_HOME=C:\Program Files\Java\jdk-19
PATH=C:\Program Files\Eclipse Adoptium\jdk-21.0.3.9-hotspot\bin;C:\Program Files\Common Files\Oracle\Java\javapath;C:\WINDOWS\system32;C:\WINDOWS;C:\WINDOWS\System32\Wbem;C:\WINDOWS\System32\WindowsPowerShell\v1.0\;C:\WINDOWS\System32\OpenSSH\;C:\Program Files\Java\jdk-19\bin;C:\Program Files\Git\cmd;C:\Program Files\SafeNet\Authentication\SAC\x64;C:\Program Files\SafeNet\Authentication\SAC\x32;C:\Program Files\MySQL\MySQL Shell 8.0\bin\;C:\Users\rodrigofc\AppData\Local\Microsoft\WindowsApps;C:\Program Files\Java\jdk-19\bin;C:\Users\rodrigofc\AppData\Local\Programs\Microsoft VS Code\bin;
USERNAME=rodrigofc
OS=Windows_NT
PROCESSOR_IDENTIFIER=Intel64 Family 6 Model 165 Stepping 3, GenuineIntel
TMP=C:\Users\RODRIG~1\AppData\Local\Temp
TEMP=C:\Users\RODRIG~1\AppData\Local\Temp




Periodic native trim disabled

---------------  S Y S T E M  ---------------

OS:
 Windows 11 , 64 bit Build 22621 (10.0.22621.4830)
OS uptime: 0 days 6:03 hours
Hyper-V role detected

CPU: total 8 (initial active 8) (4 cores per cpu, 2 threads per core) family 6 model 165 stepping 3 microcode 0xf4, cx8, cmov, fxsr, ht, mmx, 3dnowpref, sse, sse2, sse3, ssse3, sse4.1, sse4.2, popcnt, lzcnt, tsc, tscinvbit, avx, avx2, aes, erms, clmul, bmi1, bmi2, adx, fma, vzeroupper, clflush, clflushopt, hv, rdtscp, f16c
Processor Information for all 8 processors :
  Max Mhz: 2901, Current Mhz: 2901, Mhz Limit: 2901

Memory: 4k page, system-wide physical 16130M (3844M free)
TotalPageFile size 16130M (AvailPageFile size 3M)
current process WorkingSet (physical memory assigned to process): 167M, peak: 167M
current process commit charge ("private bytes"): 402M, peak: 402M

vm_info: Java HotSpot(TM) 64-Bit Server VM (21.0.2+13-LTS-58) for windows-amd64 JRE (21.0.2+13-LTS-58), built on 2024-01-05T18:32:24Z by "mach5one" with MS VC++ 17.1 (VS2022)

END.
