#
# There is insufficient memory for the Java Runtime Environment to continue.
# Native memory allocation (malloc) failed to allocate 716656 bytes for Chunk::new
# Possible reasons:
#   The system is out of physical RAM or swap space
#   The process is running with CompressedOops enabled, and the Java Heap may be blocking the growth of the native heap
# Possible solutions:
#   Reduce memory load on the system
#   Increase physical memory or swap space
#   Check if swap backing store is full
#   Decrease Java heap size (-Xmx/-Xms)
#   Decrease number of Java threads
#   Decrease Java thread stack sizes (-Xss)
#   Set larger code cache with -XX:ReservedCodeCacheSize=
#   JVM is running with Zero Based Compressed Oops mode in which the Java heap is
#     placed in the first 32GB address space. The Java Heap base address is the
#     maximum limit for the native heap growth. Please use -XX:HeapBaseMinAddress
#     to set the Java Heap base and to place the Java Heap above 32GB virtual address.
# This output file may be truncated or incomplete.
#
#  Out of Memory Error (arena.cpp:168), pid=19552, tid=1232
#
# JRE version: Java(TM) SE Runtime Environment (21.0.2+13) (build 21.0.2+13-LTS-58)
# Java VM: Java HotSpot(TM) 64-Bit Server VM (21.0.2+13-LTS-58, mixed mode, sharing, tiered, compressed oops, compressed class ptrs, g1 gc, windows-amd64)
# No core dump will be written. Minidumps are not enabled by default on client versions of Windows
#

---------------  S U M M A R Y ------------

Command Line: -javaagent:C:\Program Files\JetBrains\IntelliJ IDEA Community Edition 2023.2.2\lib\idea_rt.jar=55971:C:\Program Files\JetBrains\IntelliJ IDEA Community Edition 2023.2.2\bin -Dfile.encoding=UTF-8 -Dsun.stdout.encoding=UTF-8 -Dsun.stderr.encoding=UTF-8 domain.DebitAndCreditControlApiApplication

Host: Intel(R) Core(TM) i3-10100T CPU @ 3.00GHz, 8 cores, 15G,  Windows 11 , 64 bit Build 22621 (10.0.22621.4830)
Time: Tue Mar 25 17:11:39 2025 Hora oficial do Brasil elapsed time: 1.838501 seconds (0d 0h 0m 1s)

---------------  T H R E A D  ---------------

Current thread (0x000001cfdb718290):  JavaThread "C2 CompilerThread1" daemon [_thread_in_native, id=1232, stack(0x000000ccb4700000,0x000000ccb4800000) (1024K)]


Current CompileTask:
C2:   1838 2779   !   4       jdk.internal.loader.BuiltinClassLoader::loadClassOrNull (143 bytes)

Stack: [0x000000ccb4700000,0x000000ccb4800000]
Native frames: (J=compiled Java code, j=interpreted, Vv=VM code, C=native code)
V  [jvm.dll+0x6cade9]
V  [jvm.dll+0x8569c1]
V  [jvm.dll+0x858d2e]
V  [jvm.dll+0x859413]
V  [jvm.dll+0x280e56]
V  [jvm.dll+0xc3f3d]
V  [jvm.dll+0xc4473]
V  [jvm.dll+0x2f437f]
V  [jvm.dll+0x5f5056]
V  [jvm.dll+0x252d7f]
V  [jvm.dll+0x24b6d6]
V  [jvm.dll+0x2490a3]
V  [jvm.dll+0x1c9634]
V  [jvm.dll+0x258859]
V  [jvm.dll+0x256e3a]
V  [jvm.dll+0x3ef6c6]
V  [jvm.dll+0x7ff568]
V  [jvm.dll+0x6c953d]
C  [ucrtbase.dll+0x29333]
C  [KERNEL32.DLL+0x1259d]
C  [ntdll.dll+0x5af38]


---------------  P R O C E S S  ---------------

Threads class SMR info:
_java_thread_list=0x000001d021ebef70, length=15, elements={
0x000001cfbc2b0da0, 0x000001cfdb374f50, 0x000001cfdb375e70, 0x000001cfdb37a140,
0x000001cfdb37b030, 0x000001cfdb37caa0, 0x000001cfdb385640, 0x000001cfdb3abb50,
0x000001cfdb3ac5f0, 0x000001cfdb340800, 0x000001cfdb718290, 0x000001cfdb824d90,
0x000001cfdb89a510, 0x000001d02177bff0, 0x000001d0217484c0
}

Java Threads: ( => current thread )
  0x000001cfbc2b0da0 JavaThread "main"                              [_thread_blocked, id=18264, stack(0x000000ccb3600000,0x000000ccb3700000) (1024K)]
  0x000001cfdb374f50 JavaThread "Reference Handler"          daemon [_thread_blocked, id=20248, stack(0x000000ccb3e00000,0x000000ccb3f00000) (1024K)]
  0x000001cfdb375e70 JavaThread "Finalizer"                  daemon [_thread_blocked, id=19820, stack(0x000000ccb3f00000,0x000000ccb4000000) (1024K)]
  0x000001cfdb37a140 JavaThread "Signal Dispatcher"          daemon [_thread_blocked, id=17840, stack(0x000000ccb4000000,0x000000ccb4100000) (1024K)]
  0x000001cfdb37b030 JavaThread "Attach Listener"            daemon [_thread_blocked, id=10600, stack(0x000000ccb4100000,0x000000ccb4200000) (1024K)]
  0x000001cfdb37caa0 JavaThread "Service Thread"             daemon [_thread_blocked, id=9824, stack(0x000000ccb4200000,0x000000ccb4300000) (1024K)]
  0x000001cfdb385640 JavaThread "Monitor Deflation Thread"   daemon [_thread_blocked, id=11580, stack(0x000000ccb4300000,0x000000ccb4400000) (1024K)]
  0x000001cfdb3abb50 JavaThread "C2 CompilerThread0"         daemon [_thread_in_native, id=13744, stack(0x000000ccb4400000,0x000000ccb4500000) (1024K)]
  0x000001cfdb3ac5f0 JavaThread "C1 CompilerThread0"         daemon [_thread_blocked, id=9448, stack(0x000000ccb4500000,0x000000ccb4600000) (1024K)]
  0x000001cfdb340800 JavaThread "Common-Cleaner"             daemon [_thread_blocked, id=18740, stack(0x000000ccb4600000,0x000000ccb4700000) (1024K)]
=>0x000001cfdb718290 JavaThread "C2 CompilerThread1"         daemon [_thread_in_native, id=1232, stack(0x000000ccb4700000,0x000000ccb4800000) (1024K)]
  0x000001cfdb824d90 JavaThread "Monitor Ctrl-Break"         daemon [_thread_in_native, id=14684, stack(0x000000ccb4800000,0x000000ccb4900000) (1024K)]
  0x000001cfdb89a510 JavaThread "Notification Thread"        daemon [_thread_blocked, id=9340, stack(0x000000ccb4900000,0x000000ccb4a00000) (1024K)]
  0x000001d02177bff0 JavaThread "Thread-0"                          [_thread_blocked, id=18272, stack(0x000000ccb4a00000,0x000000ccb4b00000) (1024K)]
  0x000001d0217484c0 JavaThread "restartedMain"                     [_thread_in_vm, id=13444, stack(0x000000ccb4b00000,0x000000ccb4c00000) (1024K)]
Total: 15

Other Threads:
  0x000001cfdb356f40 VMThread "VM Thread"                           [id=10224, stack(0x000000ccb3d00000,0x000000ccb3e00000) (1024K)]
  0x000001cfdb33fd10 WatcherThread "VM Periodic Task Thread"        [id=17020, stack(0x000000ccb3c00000,0x000000ccb3d00000) (1024K)]
  0x000001cfbc3197e0 WorkerThread "GC Thread#0"                     [id=19304, stack(0x000000ccb3700000,0x000000ccb3800000) (1024K)]
  0x000001d021111850 WorkerThread "GC Thread#1"                     [id=3304, stack(0x000000ccb4c00000,0x000000ccb4d00000) (1024K)]
  0x000001d02150c030 WorkerThread "GC Thread#2"                     [id=3580, stack(0x000000ccb4d00000,0x000000ccb4e00000) (1024K)]
  0x000001d021126600 WorkerThread "GC Thread#3"                     [id=18448, stack(0x000000ccb4e00000,0x000000ccb4f00000) (1024K)]
  0x000001d0211269a0 WorkerThread "GC Thread#4"                     [id=12068, stack(0x000000ccb4f00000,0x000000ccb5000000) (1024K)]
  0x000001d021802510 WorkerThread "GC Thread#5"                     [id=20052, stack(0x000000ccb5000000,0x000000ccb5100000) (1024K)]
  0x000001d021802d30 WorkerThread "GC Thread#6"                     [id=17844, stack(0x000000ccb5100000,0x000000ccb5200000) (1024K)]
  0x000001d0218359b0 WorkerThread "GC Thread#7"                     [id=17888, stack(0x000000ccb5200000,0x000000ccb5300000) (1024K)]
  0x000001cfbc32a490 ConcurrentGCThread "G1 Main Marker"            [id=7092, stack(0x000000ccb3800000,0x000000ccb3900000) (1024K)]
  0x000001cfbc32b640 WorkerThread "G1 Conc#0"                       [id=20304, stack(0x000000ccb3900000,0x000000ccb3a00000) (1024K)]
  0x000001cfbc36e2e0 ConcurrentGCThread "G1 Refine#0"               [id=9008, stack(0x000000ccb3a00000,0x000000ccb3b00000) (1024K)]
  0x000001cfdb215d70 ConcurrentGCThread "G1 Service"                [id=1184, stack(0x000000ccb3b00000,0x000000ccb3c00000) (1024K)]
Total: 14

Threads with active compile tasks:
C2 CompilerThread0     1862 2889       4       java.lang.invoke.MethodType::makeImpl (109 bytes)
C2 CompilerThread1     1862 2779   !   4       jdk.internal.loader.BuiltinClassLoader::loadClassOrNull (143 bytes)
Total: 2

VM state: not at safepoint (normal execution)

VM Mutex/Monitor currently owned by a thread: None

Heap address: 0x0000000703e00000, size: 4034 MB, Compressed Oops mode: Zero based, Oop shift amount: 3

CDS archive(s) mapped at: [0x000001cfdc000000-0x000001cfdcc90000-0x000001cfdcc90000), size 13172736, SharedBaseAddress: 0x000001cfdc000000, ArchiveRelocationMode: 1.
Compressed class space mapped at: 0x000001cfdd000000-0x000001d01d000000, reserved size: 1073741824
Narrow klass base: 0x000001cfdc000000, Narrow klass shift: 0, Narrow klass range: 0x100000000

GC Precious Log:
 CardTable entry size: 512
 Card Set container configuration: InlinePtr #cards 4 size 8 Array Of Cards #cards 16 size 48 Howl #buckets 8 coarsen threshold 3686 Howl Bitmap #cards 512 size 80 coarsen threshold 460 Card regions per heap region 1 cards per card region 4096
 CPUs: 8 total, 8 available
 Memory: 16130M
 Large Page Support: Disabled
 NUMA Support: Disabled
 Compressed Oops: Enabled (Zero based)
 Heap Region Size: 2M
 Heap Min Capacity: 8M
 Heap Initial Capacity: 254M
 Heap Max Capacity: 4034M
 Pre-touch: Disabled
 Parallel Workers: 8
 Concurrent Workers: 2
 Concurrent Refinement Workers: 8
 Periodic GC: Disabled

Heap:
 garbage-first heap   total 260096K, used 45233K [0x0000000703e00000, 0x0000000800000000)
  region size 2048K, 22 young (45056K), 2 survivors (4096K)
 Metaspace       used 19419K, committed 19712K, reserved 1114112K
  class space    used 2307K, committed 2432K, reserved 1048576K

Heap Regions: E=young(eden), S=young(survivor), O=old, HS=humongous(starts), HC=humongous(continues), CS=collection set, F=free, TAMS=top-at-mark-start, PB=parsable bottom
|   0|0x0000000703e00000, 0x0000000704000000, 0x0000000704000000|100%| O|  |TAMS 0x0000000703e00000| PB 0x0000000703e00000| Untracked 
|   1|0x0000000704000000, 0x0000000704200000, 0x0000000704200000|100%| O|  |TAMS 0x0000000704000000| PB 0x0000000704000000| Untracked 
|   2|0x0000000704200000, 0x0000000704400000, 0x0000000704400000|100%| O|  |TAMS 0x0000000704200000| PB 0x0000000704200000| Untracked 
|   3|0x0000000704400000, 0x0000000704418780, 0x0000000704600000|  4%| O|  |TAMS 0x0000000704400000| PB 0x0000000704400000| Untracked 
|   4|0x0000000704600000, 0x0000000704600000, 0x0000000704800000|  0%| F|  |TAMS 0x0000000704600000| PB 0x0000000704600000| Untracked 
|   5|0x0000000704800000, 0x0000000704800000, 0x0000000704a00000|  0%| F|  |TAMS 0x0000000704800000| PB 0x0000000704800000| Untracked 
|   6|0x0000000704a00000, 0x0000000704a00000, 0x0000000704c00000|  0%| F|  |TAMS 0x0000000704a00000| PB 0x0000000704a00000| Untracked 
|   7|0x0000000704c00000, 0x0000000704c00000, 0x0000000704e00000|  0%| F|  |TAMS 0x0000000704c00000| PB 0x0000000704c00000| Untracked 
|   8|0x0000000704e00000, 0x0000000704e00000, 0x0000000705000000|  0%| F|  |TAMS 0x0000000704e00000| PB 0x0000000704e00000| Untracked 
|   9|0x0000000705000000, 0x0000000705000000, 0x0000000705200000|  0%| F|  |TAMS 0x0000000705000000| PB 0x0000000705000000| Untracked 
|  10|0x0000000705200000, 0x0000000705200000, 0x0000000705400000|  0%| F|  |TAMS 0x0000000705200000| PB 0x0000000705200000| Untracked 
|  11|0x0000000705400000, 0x0000000705400000, 0x0000000705600000|  0%| F|  |TAMS 0x0000000705400000| PB 0x0000000705400000| Untracked 
|  12|0x0000000705600000, 0x0000000705600000, 0x0000000705800000|  0%| F|  |TAMS 0x0000000705600000| PB 0x0000000705600000| Untracked 
|  13|0x0000000705800000, 0x0000000705800000, 0x0000000705a00000|  0%| F|  |TAMS 0x0000000705800000| PB 0x0000000705800000| Untracked 
|  14|0x0000000705a00000, 0x0000000705a00000, 0x0000000705c00000|  0%| F|  |TAMS 0x0000000705a00000| PB 0x0000000705a00000| Untracked 
|  15|0x0000000705c00000, 0x0000000705c00000, 0x0000000705e00000|  0%| F|  |TAMS 0x0000000705c00000| PB 0x0000000705c00000| Untracked 
|  16|0x0000000705e00000, 0x0000000705e00000, 0x0000000706000000|  0%| F|  |TAMS 0x0000000705e00000| PB 0x0000000705e00000| Untracked 
|  17|0x0000000706000000, 0x0000000706000000, 0x0000000706200000|  0%| F|  |TAMS 0x0000000706000000| PB 0x0000000706000000| Untracked 
|  18|0x0000000706200000, 0x0000000706200000, 0x0000000706400000|  0%| F|  |TAMS 0x0000000706200000| PB 0x0000000706200000| Untracked 
|  19|0x0000000706400000, 0x0000000706400000, 0x0000000706600000|  0%| F|  |TAMS 0x0000000706400000| PB 0x0000000706400000| Untracked 
|  20|0x0000000706600000, 0x0000000706600000, 0x0000000706800000|  0%| F|  |TAMS 0x0000000706600000| PB 0x0000000706600000| Untracked 
|  21|0x0000000706800000, 0x0000000706800000, 0x0000000706a00000|  0%| F|  |TAMS 0x0000000706800000| PB 0x0000000706800000| Untracked 
|  22|0x0000000706a00000, 0x0000000706a00000, 0x0000000706c00000|  0%| F|  |TAMS 0x0000000706a00000| PB 0x0000000706a00000| Untracked 
|  23|0x0000000706c00000, 0x0000000706c00000, 0x0000000706e00000|  0%| F|  |TAMS 0x0000000706c00000| PB 0x0000000706c00000| Untracked 
|  24|0x0000000706e00000, 0x0000000706e00000, 0x0000000707000000|  0%| F|  |TAMS 0x0000000706e00000| PB 0x0000000706e00000| Untracked 
|  25|0x0000000707000000, 0x0000000707000000, 0x0000000707200000|  0%| F|  |TAMS 0x0000000707000000| PB 0x0000000707000000| Untracked 
|  26|0x0000000707200000, 0x0000000707200000, 0x0000000707400000|  0%| F|  |TAMS 0x0000000707200000| PB 0x0000000707200000| Untracked 
|  27|0x0000000707400000, 0x0000000707400000, 0x0000000707600000|  0%| F|  |TAMS 0x0000000707400000| PB 0x0000000707400000| Untracked 
|  28|0x0000000707600000, 0x0000000707600000, 0x0000000707800000|  0%| F|  |TAMS 0x0000000707600000| PB 0x0000000707600000| Untracked 
|  29|0x0000000707800000, 0x0000000707800000, 0x0000000707a00000|  0%| F|  |TAMS 0x0000000707800000| PB 0x0000000707800000| Untracked 
|  30|0x0000000707a00000, 0x0000000707a00000, 0x0000000707c00000|  0%| F|  |TAMS 0x0000000707a00000| PB 0x0000000707a00000| Untracked 
|  31|0x0000000707c00000, 0x0000000707c00000, 0x0000000707e00000|  0%| F|  |TAMS 0x0000000707c00000| PB 0x0000000707c00000| Untracked 
|  32|0x0000000707e00000, 0x0000000707e00000, 0x0000000708000000|  0%| F|  |TAMS 0x0000000707e00000| PB 0x0000000707e00000| Untracked 
|  33|0x0000000708000000, 0x0000000708000000, 0x0000000708200000|  0%| F|  |TAMS 0x0000000708000000| PB 0x0000000708000000| Untracked 
|  34|0x0000000708200000, 0x0000000708200000, 0x0000000708400000|  0%| F|  |TAMS 0x0000000708200000| PB 0x0000000708200000| Untracked 
|  35|0x0000000708400000, 0x0000000708400000, 0x0000000708600000|  0%| F|  |TAMS 0x0000000708400000| PB 0x0000000708400000| Untracked 
|  36|0x0000000708600000, 0x0000000708600000, 0x0000000708800000|  0%| F|  |TAMS 0x0000000708600000| PB 0x0000000708600000| Untracked 
|  37|0x0000000708800000, 0x0000000708800000, 0x0000000708a00000|  0%| F|  |TAMS 0x0000000708800000| PB 0x0000000708800000| Untracked 
|  38|0x0000000708a00000, 0x0000000708a00000, 0x0000000708c00000|  0%| F|  |TAMS 0x0000000708a00000| PB 0x0000000708a00000| Untracked 
|  39|0x0000000708c00000, 0x0000000708c00000, 0x0000000708e00000|  0%| F|  |TAMS 0x0000000708c00000| PB 0x0000000708c00000| Untracked 
|  40|0x0000000708e00000, 0x0000000708e00000, 0x0000000709000000|  0%| F|  |TAMS 0x0000000708e00000| PB 0x0000000708e00000| Untracked 
|  41|0x0000000709000000, 0x0000000709000000, 0x0000000709200000|  0%| F|  |TAMS 0x0000000709000000| PB 0x0000000709000000| Untracked 
|  42|0x0000000709200000, 0x0000000709200000, 0x0000000709400000|  0%| F|  |TAMS 0x0000000709200000| PB 0x0000000709200000| Untracked 
|  43|0x0000000709400000, 0x0000000709400000, 0x0000000709600000|  0%| F|  |TAMS 0x0000000709400000| PB 0x0000000709400000| Untracked 
|  44|0x0000000709600000, 0x0000000709600000, 0x0000000709800000|  0%| F|  |TAMS 0x0000000709600000| PB 0x0000000709600000| Untracked 
|  45|0x0000000709800000, 0x0000000709800000, 0x0000000709a00000|  0%| F|  |TAMS 0x0000000709800000| PB 0x0000000709800000| Untracked 
|  46|0x0000000709a00000, 0x0000000709a00000, 0x0000000709c00000|  0%| F|  |TAMS 0x0000000709a00000| PB 0x0000000709a00000| Untracked 
|  47|0x0000000709c00000, 0x0000000709c00000, 0x0000000709e00000|  0%| F|  |TAMS 0x0000000709c00000| PB 0x0000000709c00000| Untracked 
|  48|0x0000000709e00000, 0x0000000709e00000, 0x000000070a000000|  0%| F|  |TAMS 0x0000000709e00000| PB 0x0000000709e00000| Untracked 
|  49|0x000000070a000000, 0x000000070a000000, 0x000000070a200000|  0%| F|  |TAMS 0x000000070a000000| PB 0x000000070a000000| Untracked 
|  50|0x000000070a200000, 0x000000070a200000, 0x000000070a400000|  0%| F|  |TAMS 0x000000070a200000| PB 0x000000070a200000| Untracked 
|  51|0x000000070a400000, 0x000000070a400000, 0x000000070a600000|  0%| F|  |TAMS 0x000000070a400000| PB 0x000000070a400000| Untracked 
|  52|0x000000070a600000, 0x000000070a600000, 0x000000070a800000|  0%| F|  |TAMS 0x000000070a600000| PB 0x000000070a600000| Untracked 
|  53|0x000000070a800000, 0x000000070a800000, 0x000000070aa00000|  0%| F|  |TAMS 0x000000070a800000| PB 0x000000070a800000| Untracked 
|  54|0x000000070aa00000, 0x000000070aa00000, 0x000000070ac00000|  0%| F|  |TAMS 0x000000070aa00000| PB 0x000000070aa00000| Untracked 
|  55|0x000000070ac00000, 0x000000070ac00000, 0x000000070ae00000|  0%| F|  |TAMS 0x000000070ac00000| PB 0x000000070ac00000| Untracked 
|  56|0x000000070ae00000, 0x000000070ae00000, 0x000000070b000000|  0%| F|  |TAMS 0x000000070ae00000| PB 0x000000070ae00000| Untracked 
|  57|0x000000070b000000, 0x000000070b000000, 0x000000070b200000|  0%| F|  |TAMS 0x000000070b000000| PB 0x000000070b000000| Untracked 
|  58|0x000000070b200000, 0x000000070b200000, 0x000000070b400000|  0%| F|  |TAMS 0x000000070b200000| PB 0x000000070b200000| Untracked 
|  59|0x000000070b400000, 0x000000070b400000, 0x000000070b600000|  0%| F|  |TAMS 0x000000070b400000| PB 0x000000070b400000| Untracked 
|  60|0x000000070b600000, 0x000000070b600000, 0x000000070b800000|  0%| F|  |TAMS 0x000000070b600000| PB 0x000000070b600000| Untracked 
|  61|0x000000070b800000, 0x000000070b800000, 0x000000070ba00000|  0%| F|  |TAMS 0x000000070b800000| PB 0x000000070b800000| Untracked 
|  62|0x000000070ba00000, 0x000000070ba00000, 0x000000070bc00000|  0%| F|  |TAMS 0x000000070ba00000| PB 0x000000070ba00000| Untracked 
|  63|0x000000070bc00000, 0x000000070bc00000, 0x000000070be00000|  0%| F|  |TAMS 0x000000070bc00000| PB 0x000000070bc00000| Untracked 
|  64|0x000000070be00000, 0x000000070be00000, 0x000000070c000000|  0%| F|  |TAMS 0x000000070be00000| PB 0x000000070be00000| Untracked 
|  65|0x000000070c000000, 0x000000070c000000, 0x000000070c200000|  0%| F|  |TAMS 0x000000070c000000| PB 0x000000070c000000| Untracked 
|  66|0x000000070c200000, 0x000000070c200000, 0x000000070c400000|  0%| F|  |TAMS 0x000000070c200000| PB 0x000000070c200000| Untracked 
|  67|0x000000070c400000, 0x000000070c400000, 0x000000070c600000|  0%| F|  |TAMS 0x000000070c400000| PB 0x000000070c400000| Untracked 
|  68|0x000000070c600000, 0x000000070c600000, 0x000000070c800000|  0%| F|  |TAMS 0x000000070c600000| PB 0x000000070c600000| Untracked 
|  69|0x000000070c800000, 0x000000070c800000, 0x000000070ca00000|  0%| F|  |TAMS 0x000000070c800000| PB 0x000000070c800000| Untracked 
|  70|0x000000070ca00000, 0x000000070ca00000, 0x000000070cc00000|  0%| F|  |TAMS 0x000000070ca00000| PB 0x000000070ca00000| Untracked 
|  71|0x000000070cc00000, 0x000000070cc00000, 0x000000070ce00000|  0%| F|  |TAMS 0x000000070cc00000| PB 0x000000070cc00000| Untracked 
|  72|0x000000070ce00000, 0x000000070ce00000, 0x000000070d000000|  0%| F|  |TAMS 0x000000070ce00000| PB 0x000000070ce00000| Untracked 
|  73|0x000000070d000000, 0x000000070d000000, 0x000000070d200000|  0%| F|  |TAMS 0x000000070d000000| PB 0x000000070d000000| Untracked 
|  74|0x000000070d200000, 0x000000070d200000, 0x000000070d400000|  0%| F|  |TAMS 0x000000070d200000| PB 0x000000070d200000| Untracked 
|  75|0x000000070d400000, 0x000000070d400000, 0x000000070d600000|  0%| F|  |TAMS 0x000000070d400000| PB 0x000000070d400000| Untracked 
|  76|0x000000070d600000, 0x000000070d600000, 0x000000070d800000|  0%| F|  |TAMS 0x000000070d600000| PB 0x000000070d600000| Untracked 
|  77|0x000000070d800000, 0x000000070d800000, 0x000000070da00000|  0%| F|  |TAMS 0x000000070d800000| PB 0x000000070d800000| Untracked 
|  78|0x000000070da00000, 0x000000070da00000, 0x000000070dc00000|  0%| F|  |TAMS 0x000000070da00000| PB 0x000000070da00000| Untracked 
|  79|0x000000070dc00000, 0x000000070dc00000, 0x000000070de00000|  0%| F|  |TAMS 0x000000070dc00000| PB 0x000000070dc00000| Untracked 
|  80|0x000000070de00000, 0x000000070de00000, 0x000000070e000000|  0%| F|  |TAMS 0x000000070de00000| PB 0x000000070de00000| Untracked 
|  81|0x000000070e000000, 0x000000070e000000, 0x000000070e200000|  0%| F|  |TAMS 0x000000070e000000| PB 0x000000070e000000| Untracked 
|  82|0x000000070e200000, 0x000000070e200000, 0x000000070e400000|  0%| F|  |TAMS 0x000000070e200000| PB 0x000000070e200000| Untracked 
|  83|0x000000070e400000, 0x000000070e400000, 0x000000070e600000|  0%| F|  |TAMS 0x000000070e400000| PB 0x000000070e400000| Untracked 
|  84|0x000000070e600000, 0x000000070e600000, 0x000000070e800000|  0%| F|  |TAMS 0x000000070e600000| PB 0x000000070e600000| Untracked 
|  85|0x000000070e800000, 0x000000070e800000, 0x000000070ea00000|  0%| F|  |TAMS 0x000000070e800000| PB 0x000000070e800000| Untracked 
|  86|0x000000070ea00000, 0x000000070ea00000, 0x000000070ec00000|  0%| F|  |TAMS 0x000000070ea00000| PB 0x000000070ea00000| Untracked 
|  87|0x000000070ec00000, 0x000000070ec00000, 0x000000070ee00000|  0%| F|  |TAMS 0x000000070ec00000| PB 0x000000070ec00000| Untracked 
|  88|0x000000070ee00000, 0x000000070ee00000, 0x000000070f000000|  0%| F|  |TAMS 0x000000070ee00000| PB 0x000000070ee00000| Untracked 
|  89|0x000000070f000000, 0x000000070f000000, 0x000000070f200000|  0%| F|  |TAMS 0x000000070f000000| PB 0x000000070f000000| Untracked 
|  90|0x000000070f200000, 0x000000070f200000, 0x000000070f400000|  0%| F|  |TAMS 0x000000070f200000| PB 0x000000070f200000| Untracked 
|  91|0x000000070f400000, 0x000000070f400000, 0x000000070f600000|  0%| F|  |TAMS 0x000000070f400000| PB 0x000000070f400000| Untracked 
|  92|0x000000070f600000, 0x000000070f600000, 0x000000070f800000|  0%| F|  |TAMS 0x000000070f600000| PB 0x000000070f600000| Untracked 
|  93|0x000000070f800000, 0x000000070f800000, 0x000000070fa00000|  0%| F|  |TAMS 0x000000070f800000| PB 0x000000070f800000| Untracked 
|  94|0x000000070fa00000, 0x000000070fa00000, 0x000000070fc00000|  0%| F|  |TAMS 0x000000070fa00000| PB 0x000000070fa00000| Untracked 
|  95|0x000000070fc00000, 0x000000070fc00000, 0x000000070fe00000|  0%| F|  |TAMS 0x000000070fc00000| PB 0x000000070fc00000| Untracked 
|  96|0x000000070fe00000, 0x000000070fe00000, 0x0000000710000000|  0%| F|  |TAMS 0x000000070fe00000| PB 0x000000070fe00000| Untracked 
|  97|0x0000000710000000, 0x0000000710000000, 0x0000000710200000|  0%| F|  |TAMS 0x0000000710000000| PB 0x0000000710000000| Untracked 
|  98|0x0000000710200000, 0x0000000710200000, 0x0000000710400000|  0%| F|  |TAMS 0x0000000710200000| PB 0x0000000710200000| Untracked 
|  99|0x0000000710400000, 0x0000000710400000, 0x0000000710600000|  0%| F|  |TAMS 0x0000000710400000| PB 0x0000000710400000| Untracked 
| 100|0x0000000710600000, 0x0000000710600000, 0x0000000710800000|  0%| F|  |TAMS 0x0000000710600000| PB 0x0000000710600000| Untracked 
| 101|0x0000000710800000, 0x0000000710800000, 0x0000000710a00000|  0%| F|  |TAMS 0x0000000710800000| PB 0x0000000710800000| Untracked 
| 102|0x0000000710a00000, 0x0000000710a00000, 0x0000000710c00000|  0%| F|  |TAMS 0x0000000710a00000| PB 0x0000000710a00000| Untracked 
| 103|0x0000000710c00000, 0x0000000710c00000, 0x0000000710e00000|  0%| F|  |TAMS 0x0000000710c00000| PB 0x0000000710c00000| Untracked 
| 104|0x0000000710e00000, 0x0000000710e00000, 0x0000000711000000|  0%| F|  |TAMS 0x0000000710e00000| PB 0x0000000710e00000| Untracked 
| 105|0x0000000711000000, 0x00000007111a4450, 0x0000000711200000| 82%| E|  |TAMS 0x0000000711000000| PB 0x0000000711000000| Complete 
| 106|0x0000000711200000, 0x0000000711400000, 0x0000000711400000|100%| E|CS|TAMS 0x0000000711200000| PB 0x0000000711200000| Complete 
| 107|0x0000000711400000, 0x0000000711600000, 0x0000000711600000|100%| E|CS|TAMS 0x0000000711400000| PB 0x0000000711400000| Complete 
| 108|0x0000000711600000, 0x0000000711800000, 0x0000000711800000|100%| E|CS|TAMS 0x0000000711600000| PB 0x0000000711600000| Complete 
| 109|0x0000000711800000, 0x0000000711813f60, 0x0000000711a00000|  3%| S|CS|TAMS 0x0000000711800000| PB 0x0000000711800000| Complete 
| 110|0x0000000711a00000, 0x0000000711c00000, 0x0000000711c00000|100%| S|CS|TAMS 0x0000000711a00000| PB 0x0000000711a00000| Complete 
| 111|0x0000000711c00000, 0x0000000711e00000, 0x0000000711e00000|100%| E|CS|TAMS 0x0000000711c00000| PB 0x0000000711c00000| Complete 
| 112|0x0000000711e00000, 0x0000000712000000, 0x0000000712000000|100%| E|CS|TAMS 0x0000000711e00000| PB 0x0000000711e00000| Complete 
| 113|0x0000000712000000, 0x0000000712200000, 0x0000000712200000|100%| E|CS|TAMS 0x0000000712000000| PB 0x0000000712000000| Complete 
| 114|0x0000000712200000, 0x0000000712400000, 0x0000000712400000|100%| E|CS|TAMS 0x0000000712200000| PB 0x0000000712200000| Complete 
| 115|0x0000000712400000, 0x0000000712600000, 0x0000000712600000|100%| E|CS|TAMS 0x0000000712400000| PB 0x0000000712400000| Complete 
| 116|0x0000000712600000, 0x0000000712800000, 0x0000000712800000|100%| E|CS|TAMS 0x0000000712600000| PB 0x0000000712600000| Complete 
| 117|0x0000000712800000, 0x0000000712a00000, 0x0000000712a00000|100%| E|CS|TAMS 0x0000000712800000| PB 0x0000000712800000| Complete 
| 118|0x0000000712a00000, 0x0000000712c00000, 0x0000000712c00000|100%| E|CS|TAMS 0x0000000712a00000| PB 0x0000000712a00000| Complete 
| 119|0x0000000712c00000, 0x0000000712e00000, 0x0000000712e00000|100%| E|CS|TAMS 0x0000000712c00000| PB 0x0000000712c00000| Complete 
| 120|0x0000000712e00000, 0x0000000713000000, 0x0000000713000000|100%| E|CS|TAMS 0x0000000712e00000| PB 0x0000000712e00000| Complete 
| 121|0x0000000713000000, 0x0000000713200000, 0x0000000713200000|100%| E|  |TAMS 0x0000000713000000| PB 0x0000000713000000| Complete 
| 122|0x0000000713200000, 0x0000000713400000, 0x0000000713400000|100%| E|CS|TAMS 0x0000000713200000| PB 0x0000000713200000| Complete 
| 123|0x0000000713400000, 0x0000000713600000, 0x0000000713600000|100%| E|CS|TAMS 0x0000000713400000| PB 0x0000000713400000| Complete 
| 124|0x0000000713600000, 0x0000000713800000, 0x0000000713800000|100%| E|CS|TAMS 0x0000000713600000| PB 0x0000000713600000| Complete 
| 125|0x0000000713800000, 0x0000000713a00000, 0x0000000713a00000|100%| E|CS|TAMS 0x0000000713800000| PB 0x0000000713800000| Complete 
| 126|0x0000000713a00000, 0x0000000713c00000, 0x0000000713c00000|100%| E|CS|TAMS 0x0000000713a00000| PB 0x0000000713a00000| Complete 

Card table byte_map: [0x000001cfd4230000,0x000001cfd4a20000] _byte_map_base: 0x000001cfd0a11000

Marking Bits: (CMBitMap*) 0x000001cfbc319df0
 Bits: [0x000001cfd4a20000, 0x000001cfd8928000)

Polling page: 0x000001cfba1e0000

Metaspace:

Usage:
  Non-class:     16.72 MB used.
      Class:      2.26 MB used.
       Both:     18.98 MB used.

Virtual space:
  Non-class space:       64.00 MB reserved,      16.88 MB ( 26%) committed,  1 nodes.
      Class space:        1.00 GB reserved,       2.38 MB ( <1%) committed,  1 nodes.
             Both:        1.06 GB reserved,      19.25 MB (  2%) committed. 

Chunk freelists:
   Non-Class:  14.23 MB
       Class:  13.64 MB
        Both:  27.87 MB

MaxMetaspaceSize: unlimited
CompressedClassSpaceSize: 1.00 GB
Initial GC threshold: 21.00 MB
Current GC threshold: 21.00 MB
CDS: on
 - commit_granule_bytes: 65536.
 - commit_granule_words: 8192.
 - virtual_space_node_default_size: 8388608.
 - enlarge_chunks_in_place: 1.
 - use_allocation_guard: 0.


Internal statistics:

num_allocs_failed_limit: 0.
num_arena_births: 202.
num_arena_deaths: 0.
num_vsnodes_births: 2.
num_vsnodes_deaths: 0.
num_space_committed: 308.
num_space_uncommitted: 0.
num_chunks_returned_to_freelist: 0.
num_chunks_taken_from_freelist: 822.
num_chunk_merges: 0.
num_chunk_splits: 576.
num_chunks_enlarged: 472.
num_inconsistent_stats: 0.

CodeHeap 'non-profiled nmethods': size=120000Kb used=1199Kb max_used=1199Kb free=118800Kb
 bounds [0x000001cfcc1e0000, 0x000001cfcc450000, 0x000001cfd3710000]
CodeHeap 'profiled nmethods': size=120000Kb used=5864Kb max_used=5864Kb free=114135Kb
 bounds [0x000001cfc4710000, 0x000001cfc4cd0000, 0x000001cfcbc40000]
CodeHeap 'non-nmethods': size=5760Kb used=1410Kb max_used=1458Kb free=4350Kb
 bounds [0x000001cfcbc40000, 0x000001cfcbeb0000, 0x000001cfcc1e0000]
 total_blobs=3400 nmethods=2896 adapters=407
 compilation: enabled
              stopped_count=0, restarted_count=0
 full_count=0

Compilation events (20 events):
Event: 1.830 Thread 0x000001cfdb3ac5f0 2878       3       java.lang.invoke.ClassSpecializer$SpeciesData::factory (14 bytes)
Event: 1.830 Thread 0x000001cfdb3ac5f0 nmethod 2878 0x000001cfc4cbb590 code [0x000001cfc4cbb740, 0x000001cfc4cbba18]
Event: 1.831 Thread 0x000001cfdb3ac5f0 2881       3       jdk.internal.misc.VM::isJavaLangInvokeInited (4 bytes)
Event: 1.831 Thread 0x000001cfdb3ac5f0 nmethod 2881 0x000001cfc4cbbb10 code [0x000001cfc4cbbca0, 0x000001cfc4cbbd90]
Event: 1.831 Thread 0x000001cfdb3ac5f0 2879       3       java.lang.reflect.ReflectAccess::getRoot (5 bytes)
Event: 1.831 Thread 0x000001cfdb3ac5f0 nmethod 2879 0x000001cfc4cbbe10 code [0x000001cfc4cbbfc0, 0x000001cfc4cbc198]
Event: 1.831 Thread 0x000001cfdb3ac5f0 2880       3       jdk.internal.reflect.MagicAccessorImpl::<init> (5 bytes)
Event: 1.831 Thread 0x000001cfdb3ac5f0 nmethod 2880 0x000001cfc4cbc290 code [0x000001cfc4cbc440, 0x000001cfc4cbc5a8]
Event: 1.833 Thread 0x000001cfdb3abb50 nmethod 2811 0x000001cfcc309290 code [0x000001cfcc3094e0, 0x000001cfcc309d00]
Event: 1.833 Thread 0x000001cfdb3abb50 2870       4       java.util.IdentityHashMap::get (60 bytes)
Event: 1.833 Thread 0x000001cfdb3ac5f0 2882       3       jdk.internal.reflect.ReflectionFactory::useMethodHandleAccessor (18 bytes)
Event: 1.834 Thread 0x000001cfdb3ac5f0 nmethod 2882 0x000001cfc4cbc690 code [0x000001cfc4cbc840, 0x000001cfc4cbc9c0]
Event: 1.834 Thread 0x000001cfdb3ac5f0 2883       3       jdk.internal.reflect.MethodHandleAccessorFactory::useNativeAccessor (74 bytes)
Event: 1.834 Thread 0x000001cfdb3ac5f0 nmethod 2883 0x000001cfc4cbca90 code [0x000001cfc4cbcce0, 0x000001cfc4cbd520]
Event: 1.834 Thread 0x000001cfdb3ac5f0 2884       3       java.lang.reflect.Modifier::isNative (14 bytes)
Event: 1.835 Thread 0x000001cfdb3ac5f0 nmethod 2884 0x000001cfc4cbd790 code [0x000001cfc4cbd920, 0x000001cfc4cbda68]
Event: 1.835 Thread 0x000001cfdb3ac5f0 2885       3       java.lang.invoke.ClassSpecializer$SpeciesData::getterFunction (78 bytes)
Event: 1.835 Thread 0x000001cfdb3ac5f0 nmethod 2885 0x000001cfc4cbdb10 code [0x000001cfc4cbdcc0, 0x000001cfc4cbdfc0]
Event: 1.836 Thread 0x000001cfdb3abb50 nmethod 2870 0x000001cfcc30a410 code [0x000001cfcc30a5c0, 0x000001cfcc30a848]
Event: 1.836 Thread 0x000001cfdb3abb50 2825       4       org.springframework.beans.factory.support.AbstractBeanFactory::isFactoryBean (60 bytes)

GC Heap History (4 events):
Event: 0.665 GC heap before
{Heap before GC invocations=0 (full 0):
 garbage-first heap   total 260096K, used 20480K [0x0000000703e00000, 0x0000000800000000)
  region size 2048K, 11 young (22528K), 0 survivors (0K)
 Metaspace       used 5451K, committed 5696K, reserved 1114112K
  class space    used 591K, committed 704K, reserved 1048576K
}
Event: 0.669 GC heap after
{Heap after GC invocations=1 (full 0):
 garbage-first heap   total 260096K, used 5991K [0x0000000703e00000, 0x0000000800000000)
  region size 2048K, 2 young (4096K), 2 survivors (4096K)
 Metaspace       used 5451K, committed 5696K, reserved 1114112K
  class space    used 591K, committed 704K, reserved 1048576K
}
Event: 1.189 GC heap before
{Heap before GC invocations=1 (full 0):
 garbage-first heap   total 260096K, used 32615K [0x0000000703e00000, 0x0000000800000000)
  region size 2048K, 16 young (32768K), 2 survivors (4096K)
 Metaspace       used 13402K, committed 13696K, reserved 1114112K
  class space    used 1585K, committed 1728K, reserved 1048576K
}
Event: 1.193 GC heap after
{Heap after GC invocations=2 (full 0):
 garbage-first heap   total 260096K, used 8369K [0x0000000703e00000, 0x0000000800000000)
  region size 2048K, 2 young (4096K), 2 survivors (4096K)
 Metaspace       used 13402K, committed 13696K, reserved 1114112K
  class space    used 1585K, committed 1728K, reserved 1048576K
}

Dll operation events (13 events):
Event: 0.014 Loaded shared library C:\Program Files\Java\jdk-21\bin\java.dll
Event: 0.054 Loaded shared library C:\Program Files\Java\jdk-21\bin\jsvml.dll
Event: 0.127 Loaded shared library C:\Program Files\Java\jdk-21\bin\zip.dll
Event: 0.130 Loaded shared library C:\Program Files\Java\jdk-21\bin\instrument.dll
Event: 0.135 Loaded shared library C:\Program Files\Java\jdk-21\bin\net.dll
Event: 0.138 Loaded shared library C:\Program Files\Java\jdk-21\bin\nio.dll
Event: 0.141 Loaded shared library C:\Program Files\Java\jdk-21\bin\zip.dll
Event: 0.231 Loaded shared library C:\Program Files\JetBrains\IntelliJ IDEA Community Edition 2023.2.2\bin\breakgen64.dll
Event: 0.239 Loaded shared library C:\Program Files\Java\jdk-21\bin\extnet.dll
Event: 0.257 Loaded shared library C:\Program Files\Java\jdk-21\bin\verify.dll
Event: 0.261 Loaded shared library C:\Program Files\Java\jdk-21\bin\jimage.dll
Event: 0.557 Loaded shared library C:\Program Files\Java\jdk-21\bin\management.dll
Event: 0.559 Loaded shared library C:\Program Files\Java\jdk-21\bin\management_ext.dll

Deoptimization events (20 events):
Event: 1.666 Thread 0x000001d0217484c0 Uncommon trap: trap_request=0xffffffde fr.pc=0x000001cfcc1ec1ec relative=0x00000000000001cc
Event: 1.666 Thread 0x000001d0217484c0 Uncommon trap: reason=class_check action=maybe_recompile pc=0x000001cfcc1ec1ec method=java.lang.String.equals(Ljava/lang/Object;)Z @ 8 c2
Event: 1.666 Thread 0x000001d0217484c0 DEOPT PACKING pc=0x000001cfcc1ec1ec sp=0x000000ccb4bfe860
Event: 1.666 Thread 0x000001d0217484c0 DEOPT UNPACKING pc=0x000001cfcbc946a2 sp=0x000000ccb4bfe7e8 mode 2
Event: 1.667 Thread 0x000001d0217484c0 Uncommon trap: trap_request=0xffffffde fr.pc=0x000001cfcc2ecf5c relative=0x000000000000021c
Event: 1.667 Thread 0x000001d0217484c0 Uncommon trap: reason=class_check action=maybe_recompile pc=0x000001cfcc2ecf5c method=java.lang.String.equals(Ljava/lang/Object;)Z @ 8 c2
Event: 1.667 Thread 0x000001d0217484c0 DEOPT PACKING pc=0x000001cfcc2ecf5c sp=0x000000ccb4bfe4d0
Event: 1.667 Thread 0x000001d0217484c0 DEOPT UNPACKING pc=0x000001cfcbc946a2 sp=0x000000ccb4bfe3e8 mode 2
Event: 1.667 Thread 0x000001d0217484c0 Uncommon trap: trap_request=0xffffffde fr.pc=0x000001cfcc1ec1ec relative=0x00000000000001cc
Event: 1.667 Thread 0x000001d0217484c0 Uncommon trap: reason=class_check action=maybe_recompile pc=0x000001cfcc1ec1ec method=java.lang.String.equals(Ljava/lang/Object;)Z @ 8 c2
Event: 1.667 Thread 0x000001d0217484c0 DEOPT PACKING pc=0x000001cfcc1ec1ec sp=0x000000ccb4bfe450
Event: 1.667 Thread 0x000001d0217484c0 DEOPT UNPACKING pc=0x000001cfcbc946a2 sp=0x000000ccb4bfe3e8 mode 2
Event: 1.741 Thread 0x000001d0217484c0 Uncommon trap: trap_request=0xffffff45 fr.pc=0x000001cfcc282ad8 relative=0x0000000000000138
Event: 1.741 Thread 0x000001d0217484c0 Uncommon trap: reason=unstable_if action=reinterpret pc=0x000001cfcc282ad8 method=java.util.Arrays.equals([Ljava/lang/Object;[Ljava/lang/Object;)Z @ 44 c2
Event: 1.741 Thread 0x000001d0217484c0 DEOPT PACKING pc=0x000001cfcc282ad8 sp=0x000000ccb4bfdea0
Event: 1.741 Thread 0x000001d0217484c0 DEOPT UNPACKING pc=0x000001cfcbc946a2 sp=0x000000ccb4bfde40 mode 2
Event: 1.818 Thread 0x000001d0217484c0 Uncommon trap: trap_request=0xffffffde fr.pc=0x000001cfcc2d80b0 relative=0x0000000000001db0
Event: 1.818 Thread 0x000001d0217484c0 Uncommon trap: reason=class_check action=maybe_recompile pc=0x000001cfcc2d80b0 method=java.util.HashMap.putVal(ILjava/lang/Object;Ljava/lang/Object;ZZ)Ljava/lang/Object; @ 203 c2
Event: 1.818 Thread 0x000001d0217484c0 DEOPT PACKING pc=0x000001cfcc2d80b0 sp=0x000000ccb4bfe830
Event: 1.818 Thread 0x000001d0217484c0 DEOPT UNPACKING pc=0x000001cfcbc946a2 sp=0x000000ccb4bfe6e8 mode 2

Classes loaded (20 events):
Event: 1.276 Loading class java/util/regex/Pattern$LazyLoop
Event: 1.276 Loading class java/util/regex/Pattern$Loop
Event: 1.276 Loading class java/util/regex/Pattern$Loop done
Event: 1.276 Loading class java/util/regex/Pattern$LazyLoop done
Event: 1.276 Loading class java/util/regex/Pattern$Prolog
Event: 1.276 Loading class java/util/regex/Pattern$Prolog done
Event: 1.282 Loading class java/lang/AssertionError
Event: 1.282 Loading class java/lang/AssertionError done
Event: 1.374 Loading class javax/naming/ldap/LdapContext
Event: 1.374 Loading class javax/naming/directory/DirContext
Event: 1.374 Loading class javax/naming/directory/DirContext done
Event: 1.374 Loading class javax/naming/ldap/LdapContext done
Event: 1.423 Loading class java/lang/Deprecated
Event: 1.423 Loading class java/lang/Deprecated done
Event: 1.552 Loading class java/nio/charset/CharacterCodingException
Event: 1.552 Loading class java/nio/charset/CharacterCodingException done
Event: 1.791 Loading class java/lang/UnsupportedClassVersionError
Event: 1.791 Loading class java/lang/ClassFormatError
Event: 1.791 Loading class java/lang/ClassFormatError done
Event: 1.791 Loading class java/lang/UnsupportedClassVersionError done

Classes unloaded (0 events):
No events

Classes redefined (0 events):
No events

Internal exceptions (20 events):
Event: 1.246 Thread 0x000001d0217484c0 Exception <a 'java/lang/ClassNotFoundException'{0x00000007137a5258}: org/springframework/beans/factory/config/BeanFactoryPostProcessorCustomizer> (0x00000007137a5258) 
thrown [s\open\src\hotspot\share\classfile\systemDictionary.cpp, line 312]
Event: 1.247 Thread 0x000001d0217484c0 Exception <a 'java/lang/ClassNotFoundException'{0x00000007137a9bc0}: org/springframework/core/PriorityOrderedCustomizer> (0x00000007137a9bc0) 
thrown [s\open\src\hotspot\share\classfile\systemDictionary.cpp, line 312]
Event: 1.247 Thread 0x000001d0217484c0 Exception <a 'java/lang/ClassNotFoundException'{0x00000007137ad1e8}: org/springframework/core/OrderedCustomizer> (0x00000007137ad1e8) 
thrown [s\open\src\hotspot\share\classfile\systemDictionary.cpp, line 312]
Event: 1.247 Thread 0x000001d0217484c0 Exception <a 'java/lang/ClassNotFoundException'{0x00000007137b19a8}: org/springframework/context/ResourceLoaderAwareCustomizer> (0x00000007137b19a8) 
thrown [s\open\src\hotspot\share\classfile\systemDictionary.cpp, line 312]
Event: 1.248 Thread 0x000001d0217484c0 Exception <a 'java/lang/ClassNotFoundException'{0x00000007137b62c8}: org/springframework/beans/factory/AwareCustomizer> (0x00000007137b62c8) 
thrown [s\open\src\hotspot\share\classfile\systemDictionary.cpp, line 312]
Event: 1.248 Thread 0x000001d0217484c0 Exception <a 'java/lang/ClassNotFoundException'{0x00000007137b9c10}: org/springframework/context/ApplicationStartupAwareCustomizer> (0x00000007137b9c10) 
thrown [s\open\src\hotspot\share\classfile\systemDictionary.cpp, line 312]
Event: 1.248 Thread 0x000001d0217484c0 Exception <a 'java/lang/ClassNotFoundException'{0x00000007137be7b8}: org/springframework/beans/factory/AwareCustomizer> (0x00000007137be7b8) 
thrown [s\open\src\hotspot\share\classfile\systemDictionary.cpp, line 312]
Event: 1.249 Thread 0x000001d0217484c0 Exception <a 'java/lang/ClassNotFoundException'{0x00000007137c2100}: org/springframework/beans/factory/BeanClassLoaderAwareCustomizer> (0x00000007137c2100) 
thrown [s\open\src\hotspot\share\classfile\systemDictionary.cpp, line 312]
Event: 1.249 Thread 0x000001d0217484c0 Exception <a 'java/lang/ClassNotFoundException'{0x00000007137c6a08}: org/springframework/beans/factory/AwareCustomizer> (0x00000007137c6a08) 
thrown [s\open\src\hotspot\share\classfile\systemDictionary.cpp, line 312]
Event: 1.249 Thread 0x000001d0217484c0 Exception <a 'java/lang/ClassNotFoundException'{0x00000007137ca0d8}: org/springframework/context/EnvironmentAwareCustomizer> (0x00000007137ca0d8) 
thrown [s\open\src\hotspot\share\classfile\systemDictionary.cpp, line 312]
Event: 1.249 Thread 0x000001d0217484c0 Exception <a 'java/lang/ClassNotFoundException'{0x00000007137ce978}: org/springframework/beans/factory/AwareCustomizer> (0x00000007137ce978) 
thrown [s\open\src\hotspot\share\classfile\systemDictionary.cpp, line 312]
Event: 1.257 Thread 0x000001d0219a1450 Exception <a 'java/lang/NoSuchMethodError'{0x000000071349b6d0}: 'long java.lang.invoke.DirectMethodHandle$Holder.invokeSpecial(java.lang.Object, java.lang.Object)'> (0x000000071349b6d0) 
thrown [s\open\src\hotspot\share\interpreter\linkResolver.cpp, line 773]
Event: 1.258 Thread 0x000001d0219a1450 Exception <a 'java/lang/NoSuchMethodError'{0x00000007134a56b0}: 'long java.lang.invoke.DirectMethodHandle$Holder.invokeStatic(java.lang.Object, java.lang.Object)'> (0x00000007134a56b0) 
thrown [s\open\src\hotspot\share\interpreter\linkResolver.cpp, line 773]
Event: 1.258 Thread 0x000001d0219a1450 Exception <a 'java/lang/NoSuchMethodError'{0x00000007134a8a18}: 'long java.lang.invoke.DirectMethodHandle$Holder.invokeStaticInit(java.lang.Object, java.lang.Object)'> (0x00000007134a8a18) 
thrown [s\open\src\hotspot\share\interpreter\linkResolver.cpp, line 773]
Event: 1.261 Thread 0x000001d0219a1450 Exception <a 'java/lang/NoSuchMethodError'{0x00000007134b4c58}: 'long java.lang.invoke.DirectMethodHandle$Holder.invokeInterface(java.lang.Object, java.lang.Object)'> (0x00000007134b4c58) 
thrown [s\open\src\hotspot\share\interpreter\linkResolver.cpp, line 773]
Event: 1.262 Thread 0x000001d0219a1450 Exception <a 'java/lang/IncompatibleClassChangeError'{0x00000007134b7f08}: Found class java.lang.Object, but interface was expected> (0x00000007134b7f08) 
thrown [s\open\src\hotspot\share\interpreter\linkResolver.cpp, line 840]
Event: 1.269 Thread 0x000001d0219a1450 Exception <a 'java/lang/NoSuchMethodError'{0x0000000713565830}: 'java.lang.Object java.lang.invoke.DirectMethodHandle$Holder.invokeVirtual(java.lang.Object, java.lang.Object, java.lang.Object, java.lang.Object)'> (0x0000000713565830) 
thrown [s\open\src\hotspot\share\interpreter\linkResolver.cpp, line 773]
Event: 1.272 Thread 0x000001d0217484c0 Exception <a 'java/lang/NoSuchMethodError'{0x00000007135766e8}: 'java.lang.Object java.lang.invoke.DirectMethodHandle$Holder.invokeVirtual(java.lang.Object, java.lang.Object, java.lang.Object)'> (0x00000007135766e8) 
thrown [s\open\src\hotspot\share\interpreter\linkResolver.cpp, line 773]
Event: 1.402 Thread 0x000001d0217484c0 Exception <a 'java/lang/IncompatibleClassChangeError'{0x0000000712cca1c8}: Found class java.lang.Object, but interface was expected> (0x0000000712cca1c8) 
thrown [s\open\src\hotspot\share\interpreter\linkResolver.cpp, line 840]
Event: 1.428 Thread 0x000001d0217484c0 Exception <a 'java/lang/NoSuchMethodError'{0x0000000712a38a78}: 'void java.lang.invoke.DirectMethodHandle$Holder.invokeInterface(java.lang.Object, java.lang.Object, java.lang.Object, java.lang.Object)'> (0x0000000712a38a78) 
thrown [s\open\src\hotspot\share\interpreter\linkResolver.cpp, line 773]

ZGC Phase Switch (0 events):
No events

VM Operations (20 events):
Event: 0.991 Executing VM operation: HandshakeAllThreads (Deoptimize)
Event: 0.991 Executing VM operation: HandshakeAllThreads (Deoptimize) done
Event: 0.991 Executing VM operation: HandshakeAllThreads (Deoptimize)
Event: 0.992 Executing VM operation: HandshakeAllThreads (Deoptimize) done
Event: 1.104 Executing VM operation: ICBufferFull
Event: 1.104 Executing VM operation: ICBufferFull done
Event: 1.187 Executing VM operation: HandshakeAllThreads (Deoptimize)
Event: 1.187 Executing VM operation: HandshakeAllThreads (Deoptimize) done
Event: 1.189 Executing VM operation: G1CollectForAllocation (G1 Evacuation Pause)
Event: 1.193 Executing VM operation: G1CollectForAllocation (G1 Evacuation Pause) done
Event: 1.239 Executing VM operation: HandshakeAllThreads (Deoptimize)
Event: 1.239 Executing VM operation: HandshakeAllThreads (Deoptimize) done
Event: 1.264 Executing VM operation: HandshakeAllThreads (Deoptimize)
Event: 1.265 Executing VM operation: HandshakeAllThreads (Deoptimize) done
Event: 1.482 Executing VM operation: ICBufferFull
Event: 1.482 Executing VM operation: ICBufferFull done
Event: 1.671 Executing VM operation: HandshakeAllThreads (Deoptimize)
Event: 1.671 Executing VM operation: HandshakeAllThreads (Deoptimize) done
Event: 1.731 Executing VM operation: ICBufferFull
Event: 1.731 Executing VM operation: ICBufferFull done

Events (19 events):
Event: 0.034 Thread 0x000001cfbc2b0da0 Thread added: 0x000001cfbc2b0da0
Event: 0.051 Thread 0x000001cfdb374f50 Thread added: 0x000001cfdb374f50
Event: 0.051 Thread 0x000001cfdb375e70 Thread added: 0x000001cfdb375e70
Event: 0.052 Thread 0x000001cfdb37a140 Thread added: 0x000001cfdb37a140
Event: 0.052 Thread 0x000001cfdb37b030 Thread added: 0x000001cfdb37b030
Event: 0.052 Thread 0x000001cfdb37caa0 Thread added: 0x000001cfdb37caa0
Event: 0.052 Thread 0x000001cfdb385640 Thread added: 0x000001cfdb385640
Event: 0.052 Thread 0x000001cfdb3abb50 Thread added: 0x000001cfdb3abb50
Event: 0.052 Thread 0x000001cfdb3ac5f0 Thread added: 0x000001cfdb3ac5f0
Event: 0.109 Thread 0x000001cfdb340800 Thread added: 0x000001cfdb340800
Event: 0.160 Thread 0x000001cfdb718290 Thread added: 0x000001cfdb718290
Event: 0.232 Thread 0x000001cfdb824d90 Thread added: 0x000001cfdb824d90
Event: 0.232 Thread 0x000001cfdb89a510 Thread added: 0x000001cfdb89a510
Event: 0.598 Thread 0x000001d02177bff0 Thread added: 0x000001d02177bff0
Event: 0.606 Thread 0x000001d0217484c0 Thread added: 0x000001d0217484c0
Event: 0.981 Thread 0x000001d0219a1450 Thread added: 0x000001d0219a1450
Event: 1.273 Thread 0x000001d0219a1450 Thread exited: 0x000001d0219a1450
Event: 1.343 Thread 0x000001d021f55720 Thread added: 0x000001d021f55720
Event: 1.397 Thread 0x000001d021f55720 Thread exited: 0x000001d021f55720


Dynamic libraries:
0x00007ff779470000 - 0x00007ff779480000 	C:\Program Files\Java\jdk-21\bin\java.exe
0x00007ffc7f430000 - 0x00007ffc7f647000 	C:\WINDOWS\SYSTEM32\ntdll.dll
0x00007ffc7d330000 - 0x00007ffc7d3f4000 	C:\WINDOWS\System32\KERNEL32.DLL
0x00007ffc7c710000 - 0x00007ffc7cae0000 	C:\WINDOWS\System32\KERNELBASE.dll
0x00007ffc7cae0000 - 0x00007ffc7cbf1000 	C:\WINDOWS\System32\ucrtbase.dll
0x00007ffc67140000 - 0x00007ffc67159000 	C:\Program Files\Java\jdk-21\bin\jli.dll
0x00007ffc66560000 - 0x00007ffc6657b000 	C:\Program Files\Java\jdk-21\bin\VCRUNTIME140.dll
0x00007ffc7d790000 - 0x00007ffc7d841000 	C:\WINDOWS\System32\ADVAPI32.dll
0x00007ffc7e6f0000 - 0x00007ffc7e797000 	C:\WINDOWS\System32\msvcrt.dll
0x00007ffc7efb0000 - 0x00007ffc7f057000 	C:\WINDOWS\System32\sechost.dll
0x00007ffc7d070000 - 0x00007ffc7d098000 	C:\WINDOWS\System32\bcrypt.dll
0x00007ffc7d560000 - 0x00007ffc7d674000 	C:\WINDOWS\System32\RPCRT4.dll
0x00007ffc7eb00000 - 0x00007ffc7ecae000 	C:\WINDOWS\System32\USER32.dll
0x00007ffc5ce90000 - 0x00007ffc5d122000 	C:\WINDOWS\WinSxS\amd64_microsoft.windows.common-controls_6595b64144ccf1df_6.0.22621.4830_none_270fe7d773858e80\COMCTL32.dll
0x00007ffc7c6e0000 - 0x00007ffc7c706000 	C:\WINDOWS\System32\win32u.dll
0x00007ffc7d220000 - 0x00007ffc7d249000 	C:\WINDOWS\System32\GDI32.dll
0x00007ffc7cf50000 - 0x00007ffc7d06b000 	C:\WINDOWS\System32\gdi32full.dll
0x00007ffc74f40000 - 0x00007ffc74f4a000 	C:\WINDOWS\SYSTEM32\VERSION.dll
0x00007ffc7cdf0000 - 0x00007ffc7ce8a000 	C:\WINDOWS\System32\msvcp_win.dll
0x00007ffc7ef70000 - 0x00007ffc7efa1000 	C:\WINDOWS\System32\IMM32.DLL
0x00007ffc66cf0000 - 0x00007ffc66cfc000 	C:\Program Files\Java\jdk-21\bin\vcruntime140_1.dll
0x00007ffc453c0000 - 0x00007ffc4544e000 	C:\Program Files\Java\jdk-21\bin\msvcp140.dll
0x00007ffbc34e0000 - 0x00007ffbc41f7000 	C:\Program Files\Java\jdk-21\bin\server\jvm.dll
0x00007ffc7d970000 - 0x00007ffc7d9e1000 	C:\WINDOWS\System32\WS2_32.dll
0x00007ffc7c400000 - 0x00007ffc7c44d000 	C:\WINDOWS\SYSTEM32\POWRPROF.dll
0x00007ffc72fa0000 - 0x00007ffc72fd4000 	C:\WINDOWS\SYSTEM32\WINMM.dll
0x00007ffc7c3e0000 - 0x00007ffc7c3f3000 	C:\WINDOWS\SYSTEM32\UMPDC.dll
0x00007ffc7b600000 - 0x00007ffc7b618000 	C:\WINDOWS\SYSTEM32\kernel.appcore.dll
0x00007ffc666f0000 - 0x00007ffc666fa000 	C:\Program Files\Java\jdk-21\bin\jimage.dll
0x00007ffc5efa0000 - 0x00007ffc5f1d2000 	C:\WINDOWS\SYSTEM32\DBGHELP.DLL
0x00007ffc7f060000 - 0x00007ffc7f3f0000 	C:\WINDOWS\System32\combase.dll
0x00007ffc7ea20000 - 0x00007ffc7eaf7000 	C:\WINDOWS\System32\OLEAUT32.dll
0x00007ffc5ef60000 - 0x00007ffc5ef92000 	C:\WINDOWS\SYSTEM32\dbgcore.DLL
0x00007ffc7d0a0000 - 0x00007ffc7d11b000 	C:\WINDOWS\System32\bcryptPrimitives.dll
0x00007ffc77870000 - 0x00007ffc7787f000 	C:\Program Files\Java\jdk-21\bin\instrument.dll
0x00007ffc66540000 - 0x00007ffc6655f000 	C:\Program Files\Java\jdk-21\bin\java.dll
0x00007ffc7d9f0000 - 0x00007ffc7e268000 	C:\WINDOWS\System32\SHELL32.dll
0x00007ffc7a450000 - 0x00007ffc7ad60000 	C:\WINDOWS\SYSTEM32\windows.storage.dll
0x00007ffc7a310000 - 0x00007ffc7a44f000 	C:\WINDOWS\SYSTEM32\wintypes.dll
0x00007ffc7ecb0000 - 0x00007ffc7edba000 	C:\WINDOWS\System32\SHCORE.dll
0x00007ffc7d120000 - 0x00007ffc7d17e000 	C:\WINDOWS\System32\shlwapi.dll
0x00007ffc7c610000 - 0x00007ffc7c63b000 	C:\WINDOWS\SYSTEM32\profapi.dll
0x00007ffc01f40000 - 0x00007ffc02017000 	C:\Program Files\Java\jdk-21\bin\jsvml.dll
0x00007ffc66040000 - 0x00007ffc66058000 	C:\Program Files\Java\jdk-21\bin\zip.dll
0x00007ffc66530000 - 0x00007ffc66540000 	C:\Program Files\Java\jdk-21\bin\net.dll
0x00007ffc7b620000 - 0x00007ffc7b74c000 	C:\WINDOWS\SYSTEM32\WINHTTP.dll
0x00007ffc7bba0000 - 0x00007ffc7bc0a000 	C:\WINDOWS\system32\mswsock.dll
0x00007ffc66510000 - 0x00007ffc66526000 	C:\Program Files\Java\jdk-21\bin\nio.dll
0x00007ffc77560000 - 0x00007ffc7757a000 	C:\Program Files\JetBrains\IntelliJ IDEA Community Edition 2023.2.2\bin\breakgen64.dll
0x00007ffc65d70000 - 0x00007ffc65d79000 	C:\Program Files\Java\jdk-21\bin\extnet.dll
0x00007ffc65ca0000 - 0x00007ffc65cb0000 	C:\Program Files\Java\jdk-21\bin\verify.dll
0x00007ffc77a40000 - 0x00007ffc77a4a000 	C:\Program Files\Java\jdk-21\bin\management.dll
0x00007ffc77a30000 - 0x00007ffc77a3b000 	C:\Program Files\Java\jdk-21\bin\management_ext.dll
0x00007ffc7e960000 - 0x00007ffc7e968000 	C:\WINDOWS\System32\PSAPI.DLL
0x00007ffc527e0000 - 0x00007ffc527f7000 	C:\WINDOWS\system32\napinsp.dll
0x00007ffc52790000 - 0x00007ffc527ab000 	C:\WINDOWS\system32\pnrpnsp.dll
0x00007ffc7aeb0000 - 0x00007ffc7afb2000 	C:\WINDOWS\SYSTEM32\DNSAPI.dll
0x00007ffc7ae80000 - 0x00007ffc7aead000 	C:\WINDOWS\SYSTEM32\IPHLPAPI.DLL
0x00007ffc7d8f0000 - 0x00007ffc7d8f9000 	C:\WINDOWS\System32\NSI.dll
0x00007ffc52770000 - 0x00007ffc52781000 	C:\WINDOWS\System32\winrnr.dll
0x00007ffc526e0000 - 0x00007ffc526f5000 	C:\WINDOWS\system32\wshbth.dll
0x00007ffc526b0000 - 0x00007ffc526d7000 	C:\WINDOWS\system32\nlansp_c.dll
0x00007ffc6e230000 - 0x00007ffc6e23a000 	C:\Windows\System32\rasadhlp.dll
0x00007ffc76a70000 - 0x00007ffc76af3000 	C:\WINDOWS\System32\fwpuclnt.dll

dbghelp: loaded successfully - version: 4.0.5 - missing functions: none
symbol engine: initialized successfully - sym options: 0x614 - pdb path: .;C:\Program Files\Java\jdk-21\bin;C:\WINDOWS\SYSTEM32;C:\WINDOWS\WinSxS\amd64_microsoft.windows.common-controls_6595b64144ccf1df_6.0.22621.4830_none_270fe7d773858e80;C:\Program Files\Java\jdk-21\bin\server;C:\Program Files\JetBrains\IntelliJ IDEA Community Edition 2023.2.2\bin

VM Arguments:
jvm_args: -javaagent:C:\Program Files\JetBrains\IntelliJ IDEA Community Edition 2023.2.2\lib\idea_rt.jar=55971:C:\Program Files\JetBrains\IntelliJ IDEA Community Edition 2023.2.2\bin -Dfile.encoding=UTF-8 -Dsun.stdout.encoding=UTF-8 -Dsun.stderr.encoding=UTF-8 
java_command: domain.DebitAndCreditControlApiApplication
java_class_path (initial): C:\Users\rodrigofc\Downloads\debitAndCreditControl-api\debitAndCreditControl-api\target\classes;C:\Users\rodrigofc\.m2\repository\org\springframework\boot\spring-boot-starter-data-jpa\2.7.0\spring-boot-starter-data-jpa-2.7.0.jar;C:\Users\rodrigofc\.m2\repository\org\springframework\boot\spring-boot-starter-aop\2.7.0\spring-boot-starter-aop-2.7.0.jar;C:\Users\rodrigofc\.m2\repository\org\springframework\spring-aop\5.3.20\spring-aop-5.3.20.jar;C:\Users\rodrigofc\.m2\repository\org\aspectj\aspectjweaver\1.9.7\aspectjweaver-1.9.7.jar;C:\Users\rodrigofc\.m2\repository\org\springframework\boot\spring-boot-starter-jdbc\2.7.0\spring-boot-starter-jdbc-2.7.0.jar;C:\Users\rodrigofc\.m2\repository\com\zaxxer\HikariCP\4.0.3\HikariCP-4.0.3.jar;C:\Users\rodrigofc\.m2\repository\org\springframework\spring-jdbc\5.3.20\spring-jdbc-5.3.20.jar;C:\Users\rodrigofc\.m2\repository\jakarta\transaction\jakarta.transaction-api\1.3.3\jakarta.transaction-api-1.3.3.jar;C:\Users\rodrigofc\.m2\repository\jakarta\persistence\jakarta.persistence-api\2.2.3\jakarta.persistence-api-2.2.3.jar;C:\Users\rodrigofc\.m2\repository\org\hibernate\hibernate-core\5.6.9.Final\hibernate-core-5.6.9.Final.jar;C:\Users\rodrigofc\.m2\repository\org\jboss\logging\jboss-logging\3.4.3.Final\jboss-logging-3.4.3.Final.jar;C:\Users\rodrigofc\.m2\repository\net\bytebuddy\byte-buddy\1.12.10\byte-buddy-1.12.10.jar;C:\Users\rodrigofc\.m2\repository\antlr\antlr\2.7.7\antlr-2.7.7.jar;C:\Users\rodrigofc\.m2\repository\org\jboss\jandex\2.4.2.Final\jandex-2.4.2.Final.jar;C:\Users\rodrigofc\.m2\repository\com\fasterxml\classmate\1.5.1\classmate-1.5.1.jar;C:\Users\rodrigofc\.m2\repository\org\hibernate\common\hibernate-commons-annotations\5.1.2.Final\hibernate-commons-annotations-5.1.2.Final.jar;C:\Users\rodrigofc\.m2\repository\org\glassfish\jaxb\jaxb-runtime\2.3.6\jaxb-runtime-2.3.6.jar;C:\Users\rodrigofc\.m2\repository\org\glassfish\jaxb\txw2\2.3.6\txw2-2.3.6.jar;C:\Users\rodrigofc\.m2\repository\com\sun\istack\istack-commons-runtime\3.0.12\istack-commons-runtime-3.0.12.jar;C:\Users\rodrigofc\.m2\repository\com\sun\activation\jakarta.activation\1.2.2\jakarta.activation-1.2.2.jar;C:\Users\rodrigofc\.m2\repository\org\springframework\data\spring-data-jpa\2.7.0\spring-data-jpa-2.7.0.jar;C:\Users\rodrigofc\.m2\repository\org\springframework\data\spring-data-commons\2.7.0\spring-data-commons-2.7.0.jar;C:\Users\rodrigofc\.m2\repository\org\springframework\spring-orm\5.3.20\spring-orm-5.3.20.jar;C:\Users\rodrigofc\.m2\repository\org\springframework\spring-context\5.3.20\spring-context-5.3.20.jar;C:\Users\rodrigofc\.m2\repository\org\springframework\spring-tx\5.3.20\spring-tx-5.3.20.jar;C:\Users\rodrigofc\.m2\repository\org\springframework\spring-beans\5.3.20\spring-beans-5.3.20.jar;C:\Users\rodrigofc\.m2\repository\org\slf4j\slf4j-api\1.7.36\slf4j-api-1.7.36.jar;C:\Users\rodrigofc\.m2\repository\org\springframework\spring-aspects\5.3.20\spring-aspects-5.3.20.jar;C:\Users\rodrigofc\.m2\repository\org\springframework\boot\spring-boot-starter-web\2.7.0\spring-boot-starter-web-2.7.0.jar;C:\Users\rodrigofc\.m2\repository\org\springframework\boot\spring-boot-starter\2.7.0\spring-boot-starter-2.7.0.jar;C:\Users\rodrigofc\.m2\repository\org\springframework\boot\spring-boot-starter-logging\2.7.0\spring-boot-starter-logging-2.7.0.jar;C:\Users\rodrigofc\.m2\repository\ch\qos\logback\logback-classic\1.2.11\logback-classic-1.2.11.jar;C:\Users\rodrigofc\.m2\repository\ch\qos\logback\logback-core\1.2.11\logback-core-1.2.11.jar;C:\Users\rodrigofc\.m2\repository\org\apache\logging\log4j\log4j-to-slf4j\2.17.2\log4j-to-slf4j-2.17.2.jar;C:\Users\rodrigofc\.m2\repository\org\apache\logging\log4j\log4j-api\2.17.2\log4j-api-2.17.2.jar;C:\Users\rodrigofc\.m2\repository\org\slf4j\jul-to-slf4j\1.7.36\jul-to-slf4j-1.7.36.jar;C:\Users\rodrigofc\.m2\repository\jakarta\annotation\jakarta.annotation-api\1.3.5\jakarta.annotation-api-1.3.5.jar;C:\Users\rodrigofc\.m2\repository\org\yaml\snakeyaml\1.30\snakeyaml-1.30.jar;C:\Users\rodrigofc\.m2\repository\org\springframework\boot\spring-boot-starter-json\2.7.0\spring-boot-starter-json-2.7.0.jar;C:\Users\rodrigofc\.m2\repository\com\fasterxml\jackson\core\jackson-databind\2.13.3\jackson-databind-2.13.3.jar;C:\Users\rodrigofc\.m2\repository\com\fasterxml\jackson\core\jackson-annotations\2.13.3\jackson-annotations-2.13.3.jar;C:\Users\rodrigofc\.m2\repository\com\fasterxml\jackson\core\jackson-core\2.13.3\jackson-core-2.13.3.jar;C:\Users\rodrigofc\.m2\repository\com\fasterxml\jackson\datatype\jackson-datatype-jdk8\2.13.3\jackson-datatype-jdk8-2.13.3.jar;C:\Users\rodrigofc\.m2\repository\com\fasterxml\jackson\datatype\jackson-datatype-jsr310\2.13.3\jackson-datatype-jsr310-2.13.3.jar;C:\Users\rodrigofc\.m2\repository\com\fasterxml\jackson\module\jackson-module-parameter-names\2.13.3\jackson-module-parameter-names-2.13.3.jar;C:\Users\rodrigofc\.m2\repository\org\springframework\boot\spring-boot-starter-tomcat\2.7.0\spring-boot-starter-tomcat-2.7.0.jar;C:\Users\rodrigofc\.m2\repository\org\apache\tomcat\embed\tomcat-embed-core\9.0.63\tomcat-embed-core-9.0.63.jar;C:\Users\rodrigofc\.m2\repository\org\apache\tomcat\embed\tomcat-embed-el\9.0.63\tomcat-embed-el-9.0.63.jar;C:\Users\rodrigofc\.m2\repository\org\apache\tomcat\embed\tomcat-embed-websocket\9.0.63\tomcat-embed-websocket-9.0.63.jar;C:\Users\rodrigofc\.m2\repository\org\springframework\spring-web\5.3.20\spring-web-5.3.20.jar;C:\Users\rodrigofc\.m2\repository\org\springframework\spring-webmvc\5.3.20\spring-webmvc-5.3.20.jar;C:\Users\rodrigofc\.m2\repository\org\springframework\spring-expression\5.3.20\spring-expression-5.3.20.jar;C:\Users\rodrigofc\.m2\repository\org\springframework\boot\spring-boot-devtools\2.7.0\spring-boot-devtools-2.7.0.jar;C:\Users\rodrigofc\.m2\repository\org\springframework\boot\spring-boot\2.7.0\spring-boot-2.7.0.jar;C:\Users\rodrigofc\.m2\repository\org\springframework\boot\spring-boot-autoconfigure\2.7.0\spring-boot-autoconfigure-2.7.0.jar;C:\Users\rodrigofc\.m2\repository\jakarta\xml\bind\jakarta.xml.bind-api\2.3.3\jakarta.xml.bind-api-2.3.3.jar;C:\Users\rodrigofc\.m2\repository\jakarta\activation\jakarta.activation-api\1.2.2\jakarta.activation-api-1.2.2.jar;C:\Users\rodrigofc\.m2\repository\org\springframework\spring-core\5.3.20\spring-core-5.3.20.jar;C:\Users\rodrigofc\.m2\repository\org\springframework\spring-jcl\5.3.20\spring-jcl-5.3.20.jar;C:\Users\rodrigofc\.m2\repository\mysql\mysql-connector-java\8.0.29\mysql-connector-java-8.0.29.jar;C:\Users\rodrigofc\.m2\repository\org\flywaydb\flyway-core\7.9.1\flyway-core-7.9.1.jar;C:\Users\rodrigofc\.m2\repository\org\flywaydb\flyway-mysql\8.5.11\flyway-mysql-8.5.11.jar
Launcher Type: SUN_STANDARD

[Global flags]
     intx CICompilerCount                          = 4                                         {product} {ergonomic}
     uint ConcGCThreads                            = 2                                         {product} {ergonomic}
     uint G1ConcRefinementThreads                  = 8                                         {product} {ergonomic}
   size_t G1HeapRegionSize                         = 2097152                                   {product} {ergonomic}
    uintx GCDrainStackTargetSize                   = 64                                        {product} {ergonomic}
   size_t InitialHeapSize                          = 266338304                                 {product} {ergonomic}
   size_t MarkStackSize                            = 4194304                                   {product} {ergonomic}
   size_t MaxHeapSize                              = 4229955584                                {product} {ergonomic}
   size_t MaxNewSize                               = 2537553920                                {product} {ergonomic}
   size_t MinHeapDeltaBytes                        = 2097152                                   {product} {ergonomic}
   size_t MinHeapSize                              = 8388608                                   {product} {ergonomic}
    uintx NonNMethodCodeHeapSize                   = 5839372                                {pd product} {ergonomic}
    uintx NonProfiledCodeHeapSize                  = 122909434                              {pd product} {ergonomic}
    uintx ProfiledCodeHeapSize                     = 122909434                              {pd product} {ergonomic}
    uintx ReservedCodeCacheSize                    = 251658240                              {pd product} {ergonomic}
     bool SegmentedCodeCache                       = true                                      {product} {ergonomic}
   size_t SoftMaxHeapSize                          = 4229955584                             {manageable} {ergonomic}
     bool UseCompressedOops                        = true                           {product lp64_product} {ergonomic}
     bool UseG1GC                                  = true                                      {product} {ergonomic}
     bool UseLargePagesIndividualAllocation        = false                                  {pd product} {ergonomic}

Logging:
Log output configuration:
 #0: stdout all=warning uptime,level,tags foldmultilines=false
 #1: stderr all=off uptime,level,tags foldmultilines=false

Environment Variables:
JAVA_HOME=C:\Program Files\Java\jdk-19
PATH=C:\Program Files\Eclipse Adoptium\jdk-21.0.3.9-hotspot\bin;C:\Program Files\Common Files\Oracle\Java\javapath;C:\WINDOWS\system32;C:\WINDOWS;C:\WINDOWS\System32\Wbem;C:\WINDOWS\System32\WindowsPowerShell\v1.0\;C:\WINDOWS\System32\OpenSSH\;C:\Program Files\Java\jdk-19\bin;C:\Program Files\Git\cmd;C:\Program Files\SafeNet\Authentication\SAC\x64;C:\Program Files\SafeNet\Authentication\SAC\x32;C:\Program Files\MySQL\MySQL Shell 8.0\bin\;C:\Users\rodrigofc\AppData\Local\Microsoft\WindowsApps;C:\Program Files\Java\jdk-19\bin;C:\Users\rodrigofc\AppData\Local\Programs\Microsoft VS Code\bin;
USERNAME=rodrigofc
OS=Windows_NT
PROCESSOR_IDENTIFIER=Intel64 Family 6 Model 165 Stepping 3, GenuineIntel
TMP=C:\Users\RODRIG~1\AppData\Local\Temp
TEMP=C:\Users\RODRIG~1\AppData\Local\Temp




Periodic native trim disabled

---------------  S Y S T E M  ---------------

OS:
 Windows 11 , 64 bit Build 22621 (10.0.22621.4830)
OS uptime: 0 days 6:04 hours
Hyper-V role detected

CPU: total 8 (initial active 8) (4 cores per cpu, 2 threads per core) family 6 model 165 stepping 3 microcode 0xf4, cx8, cmov, fxsr, ht, mmx, 3dnowpref, sse, sse2, sse3, ssse3, sse4.1, sse4.2, popcnt, lzcnt, tsc, tscinvbit, avx, avx2, aes, erms, clmul, bmi1, bmi2, adx, fma, vzeroupper, clflush, clflushopt, hv, rdtscp, f16c
Processor Information for all 8 processors :
  Max Mhz: 2901, Current Mhz: 2901, Mhz Limit: 2901

Memory: 4k page, system-wide physical 16130M (3844M free)
TotalPageFile size 16130M (AvailPageFile size 3M)
current process WorkingSet (physical memory assigned to process): 143M, peak: 143M
current process commit charge ("private bytes"): 391M, peak: 391M

vm_info: Java HotSpot(TM) 64-Bit Server VM (21.0.2+13-LTS-58) for windows-amd64 JRE (21.0.2+13-LTS-58), built on 2024-01-05T18:32:24Z by "mach5one" with MS VC++ 17.1 (VS2022)

END.
